<?xml version="1.0" encoding="utf-8"?>
<TestRun id="c41d035c-b93e-435d-8faa-8ad330736239" name="@Philippes-Mac-Studio-2 2026-06-01 17:47:41" xmlns="http://microsoft.com/schemas/VisualStudio/TeamTest/2010">
  <Times creation="2026-06-01T17:47:41.3631680+02:00" queuing="2026-06-01T17:47:41.3631680+02:00" start="2026-06-01T17:47:40.0002450+02:00" finish="2026-06-01T17:47:43.2062470+02:00" />
  <TestSettings name="default" id="e78c746f-e1c6-4a07-81a8-215ea9f4ce41">
    <Deployment runDeploymentRoot="_Philippes-Mac-Studio-2_2026-06-01_17_47_41" />
  </TestSettings>
  <Results>
    <UnitTestResult executionId="cd8c832c-7f49-46b4-91be-d13abee3c525" testId="dd5a83df-9338-999b-b5e3-3a9d98a49a23" testName="ShouldGenerateCollectionOfNullablePrimitivesCorrectly" computerName="Philippes-Mac-Studio-2" duration="00:00:00.1473070" startTime="2026-06-01T17:47:41.3390260+02:00" endTime="2026-06-01T17:47:41.4863280+02:00" testType="13cdc9d9-ddb5-4fa4-a97d-d965ccfc6d4b" outcome="Passed" testListId="8c84fa94-04c1-424b-9868-57a2d4851a1d" relativeResultsDirectory="cd8c832c-7f49-46b4-91be-d13abee3c525" />
    <UnitTestResult executionId="20a33ce5-ae6d-452d-aa54-aa17d0df1661" testId="35426c02-6730-c3ac-0faa-abb929659b4c" testName="Indent_WithAction_IndentsContent" computerName="Philippes-Mac-Studio-2" duration="00:00:00.0001390" startTime="2026-06-01T17:47:42.7227430+02:00" endTime="2026-06-01T17:47:42.7228820+02:00" testType="13cdc9d9-ddb5-4fa4-a97d-d965ccfc6d4b" outcome="Passed" testListId="8c84fa94-04c1-424b-9868-57a2d4851a1d" relativeResultsDirectory="20a33ce5-ae6d-452d-aa54-aa17d0df1661" />
    <UnitTestResult executionId="0bee757e-b973-4f52-ad60-965a984e6f6f" testId="efe400c3-cdf7-0e4d-ee52-dd6b7e0d0c70" testName="InvalidUsage_OnInterface_ProducesDiagnosticAsync" computerName="Philippes-Mac-Studio-2" duration="00:00:00.0149240" startTime="2026-06-01T17:47:41.2127490+02:00" endTime="2026-06-01T17:47:41.2276720+02:00" testType="13cdc9d9-ddb5-4fa4-a97d-d965ccfc6d4b" outcome="Passed" testListId="8c84fa94-04c1-424b-9868-57a2d4851a1d" relativeResultsDirectory="0bee757e-b973-4f52-ad60-965a984e6f6f" />
    <UnitTestResult executionId="4ca32699-a984-4214-9906-2e3b0381dddd" testId="b4e9d7fc-aa78-6517-c408-526adba7cf0a" testName="ImmutableRecord_CollectionsAreTrulyImmutableAfterBuild" computerName="Philippes-Mac-Studio-2" duration="00:00:00.0520510" startTime="2026-06-01T17:47:42.4785920+02:00" endTime="2026-06-01T17:47:42.5306410+02:00" testType="13cdc9d9-ddb5-4fa4-a97d-d965ccfc6d4b" outcome="Passed" testListId="8c84fa94-04c1-424b-9868-57a2d4851a1d" relativeResultsDirectory="4ca32699-a984-4214-9906-2e3b0381dddd" />
    <UnitTestResult executionId="5054019f-90ea-445a-92cf-b6b222f13f0b" testId="b7d6c155-5456-6138-bd18-c779ff9f82d6" testName="Issue81And86_NullableTypesWithImmutableCollections" computerName="Philippes-Mac-Studio-2" duration="00:00:00.0136090" startTime="2026-06-01T17:47:42.8654280+02:00" endTime="2026-06-01T17:47:42.8790350+02:00" testType="13cdc9d9-ddb5-4fa4-a97d-d965ccfc6d4b" outcome="Failed" testListId="8c84fa94-04c1-424b-9868-57a2d4851a1d" relativeResultsDirectory="5054019f-90ea-445a-92cf-b6b222f13f0b">
      <Output>
        <ErrorInfo>
          <Message>System.ArgumentException : The value cannot be an empty string. (Parameter 'path')</Message>
          <StackTrace>   at System.ArgumentException.ThrowNullOrEmptyException(String argument, String paramName)
   at System.IO.FileStream..ctor(String path, FileMode mode, FileAccess access, FileShare share)
   at Roslyn.Utilities.StandardFileSystem.OpenFile(String filePath, FileMode mode, FileAccess access, FileShare share)
   at Roslyn.Utilities.CommonCompilerFileSystemExtensions.OpenFileWithNormalizedException(ICommonCompilerFileSystem fileSystem, String filePath, FileMode fileMode, FileAccess fileAccess, FileShare fileShare)
   at Microsoft.CodeAnalysis.MetadataReference.CreateFromFile(String path, MetadataReferenceProperties properties, DocumentationProvider documentation)
   at Mutty.Tests.Setup.GeneratorTests.&lt;&gt;c.&lt;GetGeneratedOutput&gt;b__0_1(Assembly assembly) in /Users/philippe/repo/github/Mutty/src/tests/Mutty.Tests/Setup/GeneratorTests.cs:line 19
   at System.Linq.Enumerable.ArrayWhereSelectIterator`2.MoveNext()
   at System.Collections.Generic.SegmentedArrayBuilder`1.AddNonICollectionRange(IEnumerable`1 source)
   at System.Linq.Enumerable.Concat2Iterator`1.ToArray()
   at System.Collections.Immutable.ImmutableArray.CreateRange[T](IEnumerable`1 items)
   at Microsoft.CodeAnalysis.ImmutableArrayExtensions.AsImmutableOrEmpty[T](IEnumerable`1 items)
   at Microsoft.CodeAnalysis.Compilation.ValidateReferences[T](IEnumerable`1 references)
   at Microsoft.CodeAnalysis.CSharp.CSharpCompilation.Create(String assemblyName, CSharpCompilationOptions options, IEnumerable`1 syntaxTrees, IEnumerable`1 references, CSharpCompilation previousSubmission, Type returnType, Type hostObjectType, Boolean isSubmission)
   at Microsoft.CodeAnalysis.CSharp.CSharpCompilation.Create(String assemblyName, IEnumerable`1 syntaxTrees, IEnumerable`1 references, CSharpCompilationOptions options)
   at Mutty.Tests.Setup.GeneratorTests.GetGeneratedOutput(String sourceCode) in /Users/philippe/repo/github/Mutty/src/tests/Mutty.Tests/Setup/GeneratorTests.cs:line 23
   at Mutty.Tests.RegressionTests.Issue81And86_NullableTypesWithImmutableCollections() in /Users/philippe/repo/github/Mutty/src/tests/Mutty.Tests/RegressionTests.cs:line 150
   at System.Reflection.MethodBaseInvoker.InterpretedInvoke_Method(Object obj, IntPtr* args)
   at System.Reflection.MethodBaseInvoker.InvokeWithNoArgs(Object obj, BindingFlags invokeAttr)
1)    at System.ArgumentException.ThrowNullOrEmptyException(String argument, String paramName)
   at System.IO.FileStream..ctor(String path, FileMode mode, FileAccess access, FileShare share)
   at Roslyn.Utilities.StandardFileSystem.OpenFile(String filePath, FileMode mode, FileAccess access, FileShare share)
   at Roslyn.Utilities.CommonCompilerFileSystemExtensions.OpenFileWithNormalizedException(ICommonCompilerFileSystem fileSystem, String filePath, FileMode fileMode, FileAccess fileAccess, FileShare fileShare)
   at Microsoft.CodeAnalysis.MetadataReference.CreateFromFile(String path, MetadataReferenceProperties properties, DocumentationProvider documentation)
   at Mutty.Tests.Setup.GeneratorTests.&lt;&gt;c.&lt;GetGeneratedOutput&gt;b__0_1(Assembly assembly) in /Users/philippe/repo/github/Mutty/src/tests/Mutty.Tests/Setup/GeneratorTests.cs:line 19
   at System.Linq.Enumerable.ArrayWhereSelectIterator`2.MoveNext()
   at System.Collections.Generic.SegmentedArrayBuilder`1.AddNonICollectionRange(IEnumerable`1 source)
   at System.Linq.Enumerable.Concat2Iterator`1.ToArray()
   at System.Collections.Immutable.ImmutableArray.CreateRange[T](IEnumerable`1 items)
   at Microsoft.CodeAnalysis.ImmutableArrayExtensions.AsImmutableOrEmpty[T](IEnumerable`1 items)
   at Microsoft.CodeAnalysis.Compilation.ValidateReferences[T](IEnumerable`1 references)
   at Microsoft.CodeAnalysis.CSharp.CSharpCompilation.Create(String assemblyName, CSharpCompilationOptions options, IEnumerable`1 syntaxTrees, IEnumerable`1 references, CSharpCompilation previousSubmission, Type returnType, Type hostObjectType, Boolean isSubmission)
   at Microsoft.CodeAnalysis.CSharp.CSharpCompilation.Create(String assemblyName, IEnumerable`1 syntaxTrees, IEnumerable`1 references, CSharpCompilationOptions options)
   at Mutty.Tests.Setup.GeneratorTests.GetGeneratedOutput(String sourceCode) in /Users/philippe/repo/github/Mutty/src/tests/Mutty.Tests/Setup/GeneratorTests.cs:line 23
   at Mutty.Tests.RegressionTests.Issue81And86_NullableTypesWithImmutableCollections() in /Users/philippe/repo/github/Mutty/src/tests/Mutty.Tests/RegressionTests.cs:line 150
   at System.Reflection.MethodBaseInvoker.InterpretedInvoke_Method(Object obj, IntPtr* args)
   at System.Reflection.MethodBaseInvoker.InvokeWithNoArgs(Object obj, BindingFlags invokeAttr)
</StackTrace>
        </ErrorInfo>
      </Output>
    </UnitTestResult>
    <UnitTestResult executionId="3756051b-77f7-4142-895b-d69364b3652c" testId="4d98fdfc-00c0-b8d8-ce27-771a466aa99e" testName="ShouldGenerateMutableWithMultipleArrayAndListTypes" computerName="Philippes-Mac-Studio-2" duration="00:00:00.0390670" startTime="2026-06-01T17:47:42.1135040+02:00" endTime="2026-06-01T17:47:42.1525690+02:00" testType="13cdc9d9-ddb5-4fa4-a97d-d965ccfc6d4b" outcome="Passed" testListId="8c84fa94-04c1-424b-9868-57a2d4851a1d" relativeResultsDirectory="3756051b-77f7-4142-895b-d69364b3652c" />
    <UnitTestResult executionId="17f76a7b-c0a1-4bdb-bb91-81a8a05c2d6a" testId="09261b13-e0fe-5b59-89f8-2dc0c916513b" testName="Issue94_ImmutableDictionary_BasicTypes_PreservesAllTypeParams" computerName="Philippes-Mac-Studio-2" duration="00:00:00.0138670" startTime="2026-06-01T17:47:42.9360290+02:00" endTime="2026-06-01T17:47:42.9498950+02:00" testType="13cdc9d9-ddb5-4fa4-a97d-d965ccfc6d4b" outcome="Failed" testListId="8c84fa94-04c1-424b-9868-57a2d4851a1d" relativeResultsDirectory="17f76a7b-c0a1-4bdb-bb91-81a8a05c2d6a">
      <Output>
        <ErrorInfo>
          <Message>System.ArgumentException : The value cannot be an empty string. (Parameter 'path')</Message>
          <StackTrace>   at System.ArgumentException.ThrowNullOrEmptyException(String argument, String paramName)
   at System.IO.FileStream..ctor(String path, FileMode mode, FileAccess access, FileShare share)
   at Roslyn.Utilities.StandardFileSystem.OpenFile(String filePath, FileMode mode, FileAccess access, FileShare share)
   at Roslyn.Utilities.CommonCompilerFileSystemExtensions.OpenFileWithNormalizedException(ICommonCompilerFileSystem fileSystem, String filePath, FileMode fileMode, FileAccess fileAccess, FileShare fileShare)
   at Microsoft.CodeAnalysis.MetadataReference.CreateFromFile(String path, MetadataReferenceProperties properties, DocumentationProvider documentation)
   at Mutty.Tests.Setup.GeneratorTests.&lt;&gt;c.&lt;GetGeneratedOutput&gt;b__0_1(Assembly assembly) in /Users/philippe/repo/github/Mutty/src/tests/Mutty.Tests/Setup/GeneratorTests.cs:line 19
   at System.Linq.Enumerable.ArrayWhereSelectIterator`2.MoveNext()
   at System.Collections.Generic.SegmentedArrayBuilder`1.AddNonICollectionRange(IEnumerable`1 source)
   at System.Linq.Enumerable.Concat2Iterator`1.ToArray()
   at System.Collections.Immutable.ImmutableArray.CreateRange[T](IEnumerable`1 items)
   at Microsoft.CodeAnalysis.ImmutableArrayExtensions.AsImmutableOrEmpty[T](IEnumerable`1 items)
   at Microsoft.CodeAnalysis.Compilation.ValidateReferences[T](IEnumerable`1 references)
   at Microsoft.CodeAnalysis.CSharp.CSharpCompilation.Create(String assemblyName, CSharpCompilationOptions options, IEnumerable`1 syntaxTrees, IEnumerable`1 references, CSharpCompilation previousSubmission, Type returnType, Type hostObjectType, Boolean isSubmission)
   at Microsoft.CodeAnalysis.CSharp.CSharpCompilation.Create(String assemblyName, IEnumerable`1 syntaxTrees, IEnumerable`1 references, CSharpCompilationOptions options)
   at Mutty.Tests.Setup.GeneratorTests.GetGeneratedOutput(String sourceCode) in /Users/philippe/repo/github/Mutty/src/tests/Mutty.Tests/Setup/GeneratorTests.cs:line 23
   at Mutty.Tests.RegressionTests.Issue94_ImmutableDictionary_BasicTypes_PreservesAllTypeParams() in /Users/philippe/repo/github/Mutty/src/tests/Mutty.Tests/RegressionTests.cs:line 204
   at System.Reflection.MethodBaseInvoker.InterpretedInvoke_Method(Object obj, IntPtr* args)
   at System.Reflection.MethodBaseInvoker.InvokeWithNoArgs(Object obj, BindingFlags invokeAttr)
1)    at System.ArgumentException.ThrowNullOrEmptyException(String argument, String paramName)
   at System.IO.FileStream..ctor(String path, FileMode mode, FileAccess access, FileShare share)
   at Roslyn.Utilities.StandardFileSystem.OpenFile(String filePath, FileMode mode, FileAccess access, FileShare share)
   at Roslyn.Utilities.CommonCompilerFileSystemExtensions.OpenFileWithNormalizedException(ICommonCompilerFileSystem fileSystem, String filePath, FileMode fileMode, FileAccess fileAccess, FileShare fileShare)
   at Microsoft.CodeAnalysis.MetadataReference.CreateFromFile(String path, MetadataReferenceProperties properties, DocumentationProvider documentation)
   at Mutty.Tests.Setup.GeneratorTests.&lt;&gt;c.&lt;GetGeneratedOutput&gt;b__0_1(Assembly assembly) in /Users/philippe/repo/github/Mutty/src/tests/Mutty.Tests/Setup/GeneratorTests.cs:line 19
   at System.Linq.Enumerable.ArrayWhereSelectIterator`2.MoveNext()
   at System.Collections.Generic.SegmentedArrayBuilder`1.AddNonICollectionRange(IEnumerable`1 source)
   at System.Linq.Enumerable.Concat2Iterator`1.ToArray()
   at System.Collections.Immutable.ImmutableArray.CreateRange[T](IEnumerable`1 items)
   at Microsoft.CodeAnalysis.ImmutableArrayExtensions.AsImmutableOrEmpty[T](IEnumerable`1 items)
   at Microsoft.CodeAnalysis.Compilation.ValidateReferences[T](IEnumerable`1 references)
   at Microsoft.CodeAnalysis.CSharp.CSharpCompilation.Create(String assemblyName, CSharpCompilationOptions options, IEnumerable`1 syntaxTrees, IEnumerable`1 references, CSharpCompilation previousSubmission, Type returnType, Type hostObjectType, Boolean isSubmission)
   at Microsoft.CodeAnalysis.CSharp.CSharpCompilation.Create(String assemblyName, IEnumerable`1 syntaxTrees, IEnumerable`1 references, CSharpCompilationOptions options)
   at Mutty.Tests.Setup.GeneratorTests.GetGeneratedOutput(String sourceCode) in /Users/philippe/repo/github/Mutty/src/tests/Mutty.Tests/Setup/GeneratorTests.cs:line 23
   at Mutty.Tests.RegressionTests.Issue94_ImmutableDictionary_BasicTypes_PreservesAllTypeParams() in /Users/philippe/repo/github/Mutty/src/tests/Mutty.Tests/RegressionTests.cs:line 204
   at System.Reflection.MethodBaseInvoker.InterpretedInvoke_Method(Object obj, IntPtr* args)
   at System.Reflection.MethodBaseInvoker.InvokeWithNoArgs(Object obj, BindingFlags invokeAttr)
</StackTrace>
        </ErrorInfo>
      </Output>
    </UnitTestResult>
    <UnitTestResult executionId="fe8c1316-ac6b-4312-96b6-099c79741dbd" testId="c28ddc2a-3ddf-e431-06db-a562cc651742" testName="Summary_GeneratesXmlDocumentation" computerName="Philippes-Mac-Studio-2" duration="00:00:00.0108120" startTime="2026-06-01T17:47:42.7236280+02:00" endTime="2026-06-01T17:47:42.7344390+02:00" testType="13cdc9d9-ddb5-4fa4-a97d-d965ccfc6d4b" outcome="Passed" testListId="8c84fa94-04c1-424b-9868-57a2d4851a1d" relativeResultsDirectory="fe8c1316-ac6b-4312-96b6-099c79741dbd" />
    <UnitTestResult executionId="10c0224a-6608-44e1-acae-4c6b2d1f040b" testId="7eaa0105-6be7-d9bb-2819-e76f753070dd" testName="ShouldConvertFromRecordToMutable(&quot;System.String&quot;)" computerName="Philippes-Mac-Studio-2" duration="00:00:00.0001550" startTime="2026-06-01T17:47:42.7538050+02:00" endTime="2026-06-01T17:47:42.7539590+02:00" testType="13cdc9d9-ddb5-4fa4-a97d-d965ccfc6d4b" outcome="Passed" testListId="8c84fa94-04c1-424b-9868-57a2d4851a1d" relativeResultsDirectory="10c0224a-6608-44e1-acae-4c6b2d1f040b" />
    <UnitTestResult executionId="c8b93b4c-d733-44e6-92e8-31c5ce00e933" testId="5979a8cc-6ff8-0a0c-cbd3-1b3e148839ba" testName="ShouldGenerateMutableWithBooleanProperty" computerName="Philippes-Mac-Studio-2" duration="00:00:00.0461240" startTime="2026-06-01T17:47:41.4863610+02:00" endTime="2026-06-01T17:47:41.5324830+02:00" testType="13cdc9d9-ddb5-4fa4-a97d-d965ccfc6d4b" outcome="Passed" testListId="8c84fa94-04c1-424b-9868-57a2d4851a1d" relativeResultsDirectory="c8b93b4c-d733-44e6-92e8-31c5ce00e933" />
    <UnitTestResult executionId="ea6c9363-6d7b-4e4e-b2be-984bbeb56ba1" testId="6652d377-2790-845e-a483-f1f4cb86d792" testName="ValidUsage_OnRecordClass_NoDiagnosticAsync" computerName="Philippes-Mac-Studio-2" duration="00:00:00.0084930" startTime="2026-06-01T17:47:41.3207470+02:00" endTime="2026-06-01T17:47:41.3292390+02:00" testType="13cdc9d9-ddb5-4fa4-a97d-d965ccfc6d4b" outcome="Passed" testListId="8c84fa94-04c1-424b-9868-57a2d4851a1d" relativeResultsDirectory="ea6c9363-6d7b-4e4e-b2be-984bbeb56ba1" />
    <UnitTestResult executionId="b45fda2d-3089-42d3-be3b-3f2effbcfba9" testId="0beb39ea-9e42-6e0b-da49-c0b112a00f50" testName="DecrementIndent_WithCount_DecreasesMultipleLevels" computerName="Philippes-Mac-Studio-2" duration="00:00:00.0008690" startTime="2026-06-01T17:47:42.7370840+02:00" endTime="2026-06-01T17:47:42.7379530+02:00" testType="13cdc9d9-ddb5-4fa4-a97d-d965ccfc6d4b" outcome="Passed" testListId="8c84fa94-04c1-424b-9868-57a2d4851a1d" relativeResultsDirectory="b45fda2d-3089-42d3-be3b-3f2effbcfba9" />
    <UnitTestResult executionId="286e84a8-79b9-4cef-ae4b-3f31cf6fd046" testId="3794dc2a-e0c4-1a18-199e-153443b79a45" testName="CommentsWithIndentation_IndentCorrectly" computerName="Philippes-Mac-Studio-2" duration="00:00:00.0001160" startTime="2026-06-01T17:47:42.7221300+02:00" endTime="2026-06-01T17:47:42.7222460+02:00" testType="13cdc9d9-ddb5-4fa4-a97d-d965ccfc6d4b" outcome="Passed" testListId="8c84fa94-04c1-424b-9868-57a2d4851a1d" relativeResultsDirectory="286e84a8-79b9-4cef-ae4b-3f31cf6fd046" />
    <UnitTestResult executionId="a113f00b-5a5a-43f5-86a5-720a5d8399cb" testId="2996117a-3449-07ba-d76b-edc69fb9294b" testName="Build_ShouldUseToImmutableArray_ForImmutableArrayOfInt" computerName="Philippes-Mac-Studio-2" duration="00:00:00.0373500" startTime="2026-06-01T17:47:41.7429080+02:00" endTime="2026-06-01T17:47:41.7802570+02:00" testType="13cdc9d9-ddb5-4fa4-a97d-d965ccfc6d4b" outcome="Passed" testListId="8c84fa94-04c1-424b-9868-57a2d4851a1d" relativeResultsDirectory="a113f00b-5a5a-43f5-86a5-720a5d8399cb" />
    <UnitTestResult executionId="676c1d46-b90a-444c-b7c8-e9ac04f11e73" testId="43ade45b-bff5-6726-960a-def9506ebbbe" testName="Constructor_ShouldUseToList_ForImmutableListOfString" computerName="Philippes-Mac-Studio-2" duration="00:00:00.0413270" startTime="2026-06-01T17:47:41.9121890+02:00" endTime="2026-06-01T17:47:41.9535140+02:00" testType="13cdc9d9-ddb5-4fa4-a97d-d965ccfc6d4b" outcome="Passed" testListId="8c84fa94-04c1-424b-9868-57a2d4851a1d" relativeResultsDirectory="676c1d46-b90a-444c-b7c8-e9ac04f11e73" />
    <UnitTestResult executionId="8a47c106-e8d0-4d42-9119-5bed522fcef4" testId="a14838f4-86f7-1767-3aa8-ad6849e7fe9d" testName="ShouldConvertFromRecordToMutable(&quot;Student&quot;)" computerName="Philippes-Mac-Studio-2" duration="00:00:00.0000090" startTime="2026-06-01T17:47:42.7539660+02:00" endTime="2026-06-01T17:47:42.7539760+02:00" testType="13cdc9d9-ddb5-4fa4-a97d-d965ccfc6d4b" outcome="Passed" testListId="8c84fa94-04c1-424b-9868-57a2d4851a1d" relativeResultsDirectory="8a47c106-e8d0-4d42-9119-5bed522fcef4" />
    <UnitTestResult executionId="41c2e89b-ef09-4ba0-b24f-c2c97df32544" testId="398f6b07-cbf2-abca-7e03-29d51b382a57" testName="ShouldGenerateMutableWithImmutableArrayProperty" computerName="Philippes-Mac-Studio-2" duration="00:00:00.0467200" startTime="2026-06-01T17:47:41.9548180+02:00" endTime="2026-06-01T17:47:42.0015350+02:00" testType="13cdc9d9-ddb5-4fa4-a97d-d965ccfc6d4b" outcome="Passed" testListId="8c84fa94-04c1-424b-9868-57a2d4851a1d" relativeResultsDirectory="41c2e89b-ef09-4ba0-b24f-c2c97df32544" />
    <UnitTestResult executionId="997a0014-a43e-41d6-97b8-b7befaf6323f" testId="4e39b071-a3c8-6612-e515-ee59862ab870" testName="PropertyModel_ShouldDetectImmutableListProperty" computerName="Philippes-Mac-Studio-2" duration="00:00:00.0142240" startTime="2026-06-01T17:47:42.7944400+02:00" endTime="2026-06-01T17:47:42.8086620+02:00" testType="13cdc9d9-ddb5-4fa4-a97d-d965ccfc6d4b" outcome="Failed" testListId="8c84fa94-04c1-424b-9868-57a2d4851a1d" relativeResultsDirectory="997a0014-a43e-41d6-97b8-b7befaf6323f">
      <Output>
        <ErrorInfo>
          <Message>System.ArgumentException : The value cannot be an empty string. (Parameter 'path')</Message>
          <StackTrace>   at System.ArgumentException.ThrowNullOrEmptyException(String argument, String paramName)
   at System.IO.FileStream..ctor(String path, FileMode mode, FileAccess access, FileShare share)
   at Roslyn.Utilities.StandardFileSystem.OpenFile(String filePath, FileMode mode, FileAccess access, FileShare share)
   at Roslyn.Utilities.CommonCompilerFileSystemExtensions.OpenFileWithNormalizedException(ICommonCompilerFileSystem fileSystem, String filePath, FileMode fileMode, FileAccess fileAccess, FileShare fileShare)
   at Microsoft.CodeAnalysis.MetadataReference.CreateFromFile(String path, MetadataReferenceProperties properties, DocumentationProvider documentation)
   at Mutty.Tests.PropertyModelTests.&lt;&gt;c.&lt;GetPropertySymbol&gt;b__6_1(Assembly assembly) in /Users/philippe/repo/github/Mutty/src/tests/Mutty.Tests/PropertyModelTests.cs:line 120
   at System.Linq.Enumerable.ArrayWhereSelectIterator`2.MoveNext()
   at System.Linq.Enumerable.&lt;ToArray&gt;g__EnumerableToArray|324_0[TSource](IEnumerable`1 source)
   at System.Collections.Immutable.ImmutableArray.CreateRange[T](IEnumerable`1 items)
   at Microsoft.CodeAnalysis.ImmutableArrayExtensions.AsImmutableOrEmpty[T](IEnumerable`1 items)
   at Microsoft.CodeAnalysis.Compilation.ValidateReferences[T](IEnumerable`1 references)
   at Microsoft.CodeAnalysis.CSharp.CSharpCompilation.Create(String assemblyName, CSharpCompilationOptions options, IEnumerable`1 syntaxTrees, IEnumerable`1 references, CSharpCompilation previousSubmission, Type returnType, Type hostObjectType, Boolean isSubmission)
   at Microsoft.CodeAnalysis.CSharp.CSharpCompilation.Create(String assemblyName, IEnumerable`1 syntaxTrees, IEnumerable`1 references, CSharpCompilationOptions options)
   at Mutty.Tests.PropertyModelTests.GetPropertySymbol(String propertyDeclaration, String propertyName) in /Users/philippe/repo/github/Mutty/src/tests/Mutty.Tests/PropertyModelTests.cs:line 122
   at Mutty.Tests.PropertyModelTests.PropertyModel_ShouldDetectImmutableListProperty() in /Users/philippe/repo/github/Mutty/src/tests/Mutty.Tests/PropertyModelTests.cs:line 51
   at System.Reflection.MethodBaseInvoker.InterpretedInvoke_Method(Object obj, IntPtr* args)
   at System.Reflection.MethodBaseInvoker.InvokeWithNoArgs(Object obj, BindingFlags invokeAttr)
1)    at System.ArgumentException.ThrowNullOrEmptyException(String argument, String paramName)
   at System.IO.FileStream..ctor(String path, FileMode mode, FileAccess access, FileShare share)
   at Roslyn.Utilities.StandardFileSystem.OpenFile(String filePath, FileMode mode, FileAccess access, FileShare share)
   at Roslyn.Utilities.CommonCompilerFileSystemExtensions.OpenFileWithNormalizedException(ICommonCompilerFileSystem fileSystem, String filePath, FileMode fileMode, FileAccess fileAccess, FileShare fileShare)
   at Microsoft.CodeAnalysis.MetadataReference.CreateFromFile(String path, MetadataReferenceProperties properties, DocumentationProvider documentation)
   at Mutty.Tests.PropertyModelTests.&lt;&gt;c.&lt;GetPropertySymbol&gt;b__6_1(Assembly assembly) in /Users/philippe/repo/github/Mutty/src/tests/Mutty.Tests/PropertyModelTests.cs:line 120
   at System.Linq.Enumerable.ArrayWhereSelectIterator`2.MoveNext()
   at System.Linq.Enumerable.&lt;ToArray&gt;g__EnumerableToArray|324_0[TSource](IEnumerable`1 source)
   at System.Collections.Immutable.ImmutableArray.CreateRange[T](IEnumerable`1 items)
   at Microsoft.CodeAnalysis.ImmutableArrayExtensions.AsImmutableOrEmpty[T](IEnumerable`1 items)
   at Microsoft.CodeAnalysis.Compilation.ValidateReferences[T](IEnumerable`1 references)
   at Microsoft.CodeAnalysis.CSharp.CSharpCompilation.Create(String assemblyName, CSharpCompilationOptions options, IEnumerable`1 syntaxTrees, IEnumerable`1 references, CSharpCompilation previousSubmission, Type returnType, Type hostObjectType, Boolean isSubmission)
   at Microsoft.CodeAnalysis.CSharp.CSharpCompilation.Create(String assemblyName, IEnumerable`1 syntaxTrees, IEnumerable`1 references, CSharpCompilationOptions options)
   at Mutty.Tests.PropertyModelTests.GetPropertySymbol(String propertyDeclaration, String propertyName) in /Users/philippe/repo/github/Mutty/src/tests/Mutty.Tests/PropertyModelTests.cs:line 122
   at Mutty.Tests.PropertyModelTests.PropertyModel_ShouldDetectImmutableListProperty() in /Users/philippe/repo/github/Mutty/src/tests/Mutty.Tests/PropertyModelTests.cs:line 51
   at System.Reflection.MethodBaseInvoker.InterpretedInvoke_Method(Object obj, IntPtr* args)
   at System.Reflection.MethodBaseInvoker.InvokeWithNoArgs(Object obj, BindingFlags invokeAttr)
</StackTrace>
        </ErrorInfo>
      </Output>
    </UnitTestResult>
    <UnitTestResult executionId="b935cefd-cafa-4d85-be28-a196f1146c50" testId="041de44d-fbbf-bbb8-9cc9-f2eaca349b47" testName="NullableReferenceTypes_RoundTripCorrectly" computerName="Philippes-Mac-Studio-2" duration="00:00:00.0533700" startTime="2026-06-01T17:47:42.6502760+02:00" endTime="2026-06-01T17:47:42.7036440+02:00" testType="13cdc9d9-ddb5-4fa4-a97d-d965ccfc6d4b" outcome="Passed" testListId="8c84fa94-04c1-424b-9868-57a2d4851a1d" relativeResultsDirectory="b935cefd-cafa-4d85-be28-a196f1146c50" />
    <UnitTestResult executionId="76ab1e33-85c7-49ac-b813-e854fadda116" testId="99b8623a-f29e-1c9e-093f-3003c5aecda2" testName="ShouldGenerateMutableWithNullablePrimitiveProperties" computerName="Philippes-Mac-Studio-2" duration="00:00:00.0376940" startTime="2026-06-01T17:47:41.7049900+02:00" endTime="2026-06-01T17:47:41.7426820+02:00" testType="13cdc9d9-ddb5-4fa4-a97d-d965ccfc6d4b" outcome="Passed" testListId="8c84fa94-04c1-424b-9868-57a2d4851a1d" relativeResultsDirectory="76ab1e33-85c7-49ac-b813-e854fadda116" />
    <UnitTestResult executionId="5f6f2426-4c5e-4c13-b379-dfcd411a44fb" testId="24388446-df69-e22d-8f50-56fc141b9440" testName="NestedBraces_GeneratesNestedBlocks" computerName="Philippes-Mac-Studio-2" duration="00:00:00.0001740" startTime="2026-06-01T17:47:42.7234390+02:00" endTime="2026-06-01T17:47:42.7236130+02:00" testType="13cdc9d9-ddb5-4fa4-a97d-d965ccfc6d4b" outcome="Passed" testListId="8c84fa94-04c1-424b-9868-57a2d4851a1d" relativeResultsDirectory="5f6f2426-4c5e-4c13-b379-dfcd411a44fb" />
    <UnitTestResult executionId="e075cbb8-ba22-481b-a54f-81652fac87b5" testId="dd08d58c-5356-6c0a-133f-db0f682b8205" testName="GeneratesCorrectCodeForGenericRecordAsync" computerName="Philippes-Mac-Studio-2" duration="00:00:00.0174740" startTime="2026-06-01T17:47:43.0160070+02:00" endTime="2026-06-01T17:47:43.0334800+02:00" testType="13cdc9d9-ddb5-4fa4-a97d-d965ccfc6d4b" outcome="Failed" testListId="8c84fa94-04c1-424b-9868-57a2d4851a1d" relativeResultsDirectory="e075cbb8-ba22-481b-a54f-81652fac87b5">
      <Output>
        <ErrorInfo>
          <Message>System.ArgumentException : The value cannot be an empty string. (Parameter 'path')</Message>
          <StackTrace>   at System.ArgumentException.ThrowNullOrEmptyException(String argument, String paramName)
   at System.IO.FileStream..ctor(String path, FileMode mode, FileAccess access, FileShare share)
   at Roslyn.Utilities.StandardFileSystem.OpenFile(String filePath, FileMode mode, FileAccess access, FileShare share)
   at Roslyn.Utilities.CommonCompilerFileSystemExtensions.OpenFileWithNormalizedException(ICommonCompilerFileSystem fileSystem, String filePath, FileMode fileMode, FileAccess fileAccess, FileShare fileShare)
   at Microsoft.CodeAnalysis.MetadataReference.CreateFromFile(String path, MetadataReferenceProperties properties, DocumentationProvider documentation)
   at Mutty.Tests.Setup.GeneratorTests.&lt;&gt;c.&lt;GetGeneratedOutput&gt;b__0_1(Assembly assembly) in /Users/philippe/repo/github/Mutty/src/tests/Mutty.Tests/Setup/GeneratorTests.cs:line 19
   at System.Linq.Enumerable.ArrayWhereSelectIterator`2.MoveNext()
   at System.Collections.Generic.SegmentedArrayBuilder`1.AddNonICollectionRange(IEnumerable`1 source)
   at System.Linq.Enumerable.Concat2Iterator`1.ToArray()
   at System.Collections.Immutable.ImmutableArray.CreateRange[T](IEnumerable`1 items)
   at Microsoft.CodeAnalysis.ImmutableArrayExtensions.AsImmutableOrEmpty[T](IEnumerable`1 items)
   at Microsoft.CodeAnalysis.Compilation.ValidateReferences[T](IEnumerable`1 references)
   at Microsoft.CodeAnalysis.CSharp.CSharpCompilation.Create(String assemblyName, CSharpCompilationOptions options, IEnumerable`1 syntaxTrees, IEnumerable`1 references, CSharpCompilation previousSubmission, Type returnType, Type hostObjectType, Boolean isSubmission)
   at Microsoft.CodeAnalysis.CSharp.CSharpCompilation.Create(String assemblyName, IEnumerable`1 syntaxTrees, IEnumerable`1 references, CSharpCompilationOptions options)
   at Mutty.Tests.Setup.GeneratorTests.GetGeneratedOutput(String sourceCode) in /Users/philippe/repo/github/Mutty/src/tests/Mutty.Tests/Setup/GeneratorTests.cs:line 23
   at Mutty.Tests.SnapshotTests.GeneratesCorrectCodeForGenericRecordAsync() in /Users/philippe/repo/github/Mutty/src/tests/Mutty.Tests/SnapshotTests.cs:line 165
   at System.Reflection.MethodBaseInvoker.InterpretedInvoke_Method(Object obj, IntPtr* args)
   at System.Reflection.MethodBaseInvoker.InvokeWithNoArgs(Object obj, BindingFlags invokeAttr)
1)    at System.ArgumentException.ThrowNullOrEmptyException(String argument, String paramName)
   at System.IO.FileStream..ctor(String path, FileMode mode, FileAccess access, FileShare share)
   at Roslyn.Utilities.StandardFileSystem.OpenFile(String filePath, FileMode mode, FileAccess access, FileShare share)
   at Roslyn.Utilities.CommonCompilerFileSystemExtensions.OpenFileWithNormalizedException(ICommonCompilerFileSystem fileSystem, String filePath, FileMode fileMode, FileAccess fileAccess, FileShare fileShare)
   at Microsoft.CodeAnalysis.MetadataReference.CreateFromFile(String path, MetadataReferenceProperties properties, DocumentationProvider documentation)
   at Mutty.Tests.Setup.GeneratorTests.&lt;&gt;c.&lt;GetGeneratedOutput&gt;b__0_1(Assembly assembly) in /Users/philippe/repo/github/Mutty/src/tests/Mutty.Tests/Setup/GeneratorTests.cs:line 19
   at System.Linq.Enumerable.ArrayWhereSelectIterator`2.MoveNext()
   at System.Collections.Generic.SegmentedArrayBuilder`1.AddNonICollectionRange(IEnumerable`1 source)
   at System.Linq.Enumerable.Concat2Iterator`1.ToArray()
   at System.Collections.Immutable.ImmutableArray.CreateRange[T](IEnumerable`1 items)
   at Microsoft.CodeAnalysis.ImmutableArrayExtensions.AsImmutableOrEmpty[T](IEnumerable`1 items)
   at Microsoft.CodeAnalysis.Compilation.ValidateReferences[T](IEnumerable`1 references)
   at Microsoft.CodeAnalysis.CSharp.CSharpCompilation.Create(String assemblyName, CSharpCompilationOptions options, IEnumerable`1 syntaxTrees, IEnumerable`1 references, CSharpCompilation previousSubmission, Type returnType, Type hostObjectType, Boolean isSubmission)
   at Microsoft.CodeAnalysis.CSharp.CSharpCompilation.Create(String assemblyName, IEnumerable`1 syntaxTrees, IEnumerable`1 references, CSharpCompilationOptions options)
   at Mutty.Tests.Setup.GeneratorTests.GetGeneratedOutput(String sourceCode) in /Users/philippe/repo/github/Mutty/src/tests/Mutty.Tests/Setup/GeneratorTests.cs:line 23
   at Mutty.Tests.SnapshotTests.GeneratesCorrectCodeForGenericRecordAsync() in /Users/philippe/repo/github/Mutty/src/tests/Mutty.Tests/SnapshotTests.cs:line 165
   at System.Reflection.MethodBaseInvoker.InterpretedInvoke_Method(Object obj, IntPtr* args)
   at System.Reflection.MethodBaseInvoker.InvokeWithNoArgs(Object obj, BindingFlags invokeAttr)
</StackTrace>
        </ErrorInfo>
      </Output>
    </UnitTestResult>
    <UnitTestResult executionId="8e3fefac-e71b-40d0-89ea-bde01ac43c33" testId="4e95e9f3-9e34-269f-e579-d526a82e13b1" testName="MixedIndentationMethods_WorkTogether" computerName="Philippes-Mac-Studio-2" duration="00:00:00.0001060" startTime="2026-06-01T17:47:42.7232210+02:00" endTime="2026-06-01T17:47:42.7233270+02:00" testType="13cdc9d9-ddb5-4fa4-a97d-d965ccfc6d4b" outcome="Passed" testListId="8c84fa94-04c1-424b-9868-57a2d4851a1d" relativeResultsDirectory="8e3fefac-e71b-40d0-89ea-bde01ac43c33" />
    <UnitTestResult executionId="a286d4f2-9de3-4270-a45c-c552a5214788" testId="82b7ac52-0034-4413-e3eb-5d6e9265beb7" testName="ShouldGenerateMutableWithDecimalProperty" computerName="Philippes-Mac-Studio-2" duration="00:00:00.0589220" startTime="2026-06-01T17:47:41.5738230+02:00" endTime="2026-06-01T17:47:41.6327430+02:00" testType="13cdc9d9-ddb5-4fa4-a97d-d965ccfc6d4b" outcome="Passed" testListId="8c84fa94-04c1-424b-9868-57a2d4851a1d" relativeResultsDirectory="a286d4f2-9de3-4270-a45c-c552a5214788" />
    <UnitTestResult executionId="016663fc-1d9f-4457-8984-86d543d54368" testId="0eb2581c-b696-db52-dada-fb8a854d0b22" testName="ShouldCreateMutableStudent" computerName="Philippes-Mac-Studio-2" duration="00:00:00.0020920" startTime="2026-06-01T17:47:42.7542420+02:00" endTime="2026-06-01T17:47:42.7563300+02:00" testType="13cdc9d9-ddb5-4fa4-a97d-d965ccfc6d4b" outcome="Passed" testListId="8c84fa94-04c1-424b-9868-57a2d4851a1d" relativeResultsDirectory="016663fc-1d9f-4457-8984-86d543d54368" />
    <UnitTestResult executionId="5ebacbef-9435-43bb-aafe-75e161c68d8a" testId="692553e4-d5f4-0fa0-778a-adfd4a723c15" testName="Constructor_WithCustomIndent_CreatesBuilderWithIndent" computerName="Philippes-Mac-Studio-2" duration="00:00:00.0000390" startTime="2026-06-01T17:47:42.7364290+02:00" endTime="2026-06-01T17:47:42.7364680+02:00" testType="13cdc9d9-ddb5-4fa4-a97d-d965ccfc6d4b" outcome="Passed" testListId="8c84fa94-04c1-424b-9868-57a2d4851a1d" relativeResultsDirectory="5ebacbef-9435-43bb-aafe-75e161c68d8a" />
    <UnitTestResult executionId="d85746de-3e0a-444a-9b17-263ca2a2ed1c" testId="59f72e38-a3c8-a11f-c394-60f1d817b704" testName="GeneratesCorrectCodeForRecordWithImmutableListAsync" computerName="Philippes-Mac-Studio-2" duration="00:00:00.0137700" startTime="2026-06-01T17:47:43.1205580+02:00" endTime="2026-06-01T17:47:43.1343280+02:00" testType="13cdc9d9-ddb5-4fa4-a97d-d965ccfc6d4b" outcome="Failed" testListId="8c84fa94-04c1-424b-9868-57a2d4851a1d" relativeResultsDirectory="d85746de-3e0a-444a-9b17-263ca2a2ed1c">
      <Output>
        <ErrorInfo>
          <Message>System.ArgumentException : The value cannot be an empty string. (Parameter 'path')</Message>
          <StackTrace>   at System.ArgumentException.ThrowNullOrEmptyException(String argument, String paramName)
   at System.IO.FileStream..ctor(String path, FileMode mode, FileAccess access, FileShare share)
   at Roslyn.Utilities.StandardFileSystem.OpenFile(String filePath, FileMode mode, FileAccess access, FileShare share)
   at Roslyn.Utilities.CommonCompilerFileSystemExtensions.OpenFileWithNormalizedException(ICommonCompilerFileSystem fileSystem, String filePath, FileMode fileMode, FileAccess fileAccess, FileShare fileShare)
   at Microsoft.CodeAnalysis.MetadataReference.CreateFromFile(String path, MetadataReferenceProperties properties, DocumentationProvider documentation)
   at Mutty.Tests.Setup.GeneratorTests.&lt;&gt;c.&lt;GetGeneratedOutput&gt;b__0_1(Assembly assembly) in /Users/philippe/repo/github/Mutty/src/tests/Mutty.Tests/Setup/GeneratorTests.cs:line 19
   at System.Linq.Enumerable.ArrayWhereSelectIterator`2.MoveNext()
   at System.Collections.Generic.SegmentedArrayBuilder`1.AddNonICollectionRange(IEnumerable`1 source)
   at System.Linq.Enumerable.Concat2Iterator`1.ToArray()
   at System.Collections.Immutable.ImmutableArray.CreateRange[T](IEnumerable`1 items)
   at Microsoft.CodeAnalysis.ImmutableArrayExtensions.AsImmutableOrEmpty[T](IEnumerable`1 items)
   at Microsoft.CodeAnalysis.Compilation.ValidateReferences[T](IEnumerable`1 references)
   at Microsoft.CodeAnalysis.CSharp.CSharpCompilation.Create(String assemblyName, CSharpCompilationOptions options, IEnumerable`1 syntaxTrees, IEnumerable`1 references, CSharpCompilation previousSubmission, Type returnType, Type hostObjectType, Boolean isSubmission)
   at Microsoft.CodeAnalysis.CSharp.CSharpCompilation.Create(String assemblyName, IEnumerable`1 syntaxTrees, IEnumerable`1 references, CSharpCompilationOptions options)
   at Mutty.Tests.Setup.GeneratorTests.GetGeneratedOutput(String sourceCode) in /Users/philippe/repo/github/Mutty/src/tests/Mutty.Tests/Setup/GeneratorTests.cs:line 23
   at Mutty.Tests.SnapshotTests.GeneratesCorrectCodeForRecordWithImmutableListAsync() in /Users/philippe/repo/github/Mutty/src/tests/Mutty.Tests/SnapshotTests.cs:line 75
   at System.Reflection.MethodBaseInvoker.InterpretedInvoke_Method(Object obj, IntPtr* args)
   at System.Reflection.MethodBaseInvoker.InvokeWithNoArgs(Object obj, BindingFlags invokeAttr)
1)    at System.ArgumentException.ThrowNullOrEmptyException(String argument, String paramName)
   at System.IO.FileStream..ctor(String path, FileMode mode, FileAccess access, FileShare share)
   at Roslyn.Utilities.StandardFileSystem.OpenFile(String filePath, FileMode mode, FileAccess access, FileShare share)
   at Roslyn.Utilities.CommonCompilerFileSystemExtensions.OpenFileWithNormalizedException(ICommonCompilerFileSystem fileSystem, String filePath, FileMode fileMode, FileAccess fileAccess, FileShare fileShare)
   at Microsoft.CodeAnalysis.MetadataReference.CreateFromFile(String path, MetadataReferenceProperties properties, DocumentationProvider documentation)
   at Mutty.Tests.Setup.GeneratorTests.&lt;&gt;c.&lt;GetGeneratedOutput&gt;b__0_1(Assembly assembly) in /Users/philippe/repo/github/Mutty/src/tests/Mutty.Tests/Setup/GeneratorTests.cs:line 19
   at System.Linq.Enumerable.ArrayWhereSelectIterator`2.MoveNext()
   at System.Collections.Generic.SegmentedArrayBuilder`1.AddNonICollectionRange(IEnumerable`1 source)
   at System.Linq.Enumerable.Concat2Iterator`1.ToArray()
   at System.Collections.Immutable.ImmutableArray.CreateRange[T](IEnumerable`1 items)
   at Microsoft.CodeAnalysis.ImmutableArrayExtensions.AsImmutableOrEmpty[T](IEnumerable`1 items)
   at Microsoft.CodeAnalysis.Compilation.ValidateReferences[T](IEnumerable`1 references)
   at Microsoft.CodeAnalysis.CSharp.CSharpCompilation.Create(String assemblyName, CSharpCompilationOptions options, IEnumerable`1 syntaxTrees, IEnumerable`1 references, CSharpCompilation previousSubmission, Type returnType, Type hostObjectType, Boolean isSubmission)
   at Microsoft.CodeAnalysis.CSharp.CSharpCompilation.Create(String assemblyName, IEnumerable`1 syntaxTrees, IEnumerable`1 references, CSharpCompilationOptions options)
   at Mutty.Tests.Setup.GeneratorTests.GetGeneratedOutput(String sourceCode) in /Users/philippe/repo/github/Mutty/src/tests/Mutty.Tests/Setup/GeneratorTests.cs:line 23
   at Mutty.Tests.SnapshotTests.GeneratesCorrectCodeForRecordWithImmutableListAsync() in /Users/philippe/repo/github/Mutty/src/tests/Mutty.Tests/SnapshotTests.cs:line 75
   at System.Reflection.MethodBaseInvoker.InterpretedInvoke_Method(Object obj, IntPtr* args)
   at System.Reflection.MethodBaseInvoker.InvokeWithNoArgs(Object obj, BindingFlags invokeAttr)
</StackTrace>
        </ErrorInfo>
      </Output>
    </UnitTestResult>
    <UnitTestResult executionId="d044d822-b925-4b5c-baf2-6cdbfae50fe5" testId="5617e4b4-f536-38e5-3702-a91f46a9ab6e" testName="Append_String_AppendsWithIndent" computerName="Philippes-Mac-Studio-2" duration="00:00:00.0000740" startTime="2026-06-01T17:47:42.7351610+02:00" endTime="2026-06-01T17:47:42.7352350+02:00" testType="13cdc9d9-ddb5-4fa4-a97d-d965ccfc6d4b" outcome="Passed" testListId="8c84fa94-04c1-424b-9868-57a2d4851a1d" relativeResultsDirectory="d044d822-b925-4b5c-baf2-6cdbfae50fe5" />
    <UnitTestResult executionId="8535f9bd-28d9-4a3f-90ed-53f51fb03afa" testId="06f83cf9-bbd7-6803-02dc-3dbef9f3cc89" testName="CommentAutoGenerated_AppendsStandardHeader" computerName="Philippes-Mac-Studio-2" duration="00:00:00.0000860" startTime="2026-06-01T17:47:42.7220280+02:00" endTime="2026-06-01T17:47:42.7221140+02:00" testType="13cdc9d9-ddb5-4fa4-a97d-d965ccfc6d4b" outcome="Passed" testListId="8c84fa94-04c1-424b-9868-57a2d4851a1d" relativeResultsDirectory="8535f9bd-28d9-4a3f-90ed-53f51fb03afa" />
    <UnitTestResult executionId="bad02044-2bcb-4a7b-95d6-a4298874cadf" testId="95190db1-fc5c-c8f6-38f3-4a4bcc0689ba" testName="DecrementIndent_DecreasesIndentation" computerName="Philippes-Mac-Studio-2" duration="00:00:00.0002490" startTime="2026-06-01T17:47:42.7368300+02:00" endTime="2026-06-01T17:47:42.7370790+02:00" testType="13cdc9d9-ddb5-4fa4-a97d-d965ccfc6d4b" outcome="Passed" testListId="8c84fa94-04c1-424b-9868-57a2d4851a1d" relativeResultsDirectory="bad02044-2bcb-4a7b-95d6-a4298874cadf" />
    <UnitTestResult executionId="47025f3d-45d0-4ceb-a7b1-dbb153ac95e3" testId="ebe903b3-a642-8c9a-6d89-cdd3bb3e2ec2" testName="Line_AppendsLineWithNewLine" computerName="Philippes-Mac-Studio-2" duration="00:00:00.0000430" startTime="2026-06-01T17:47:42.7231760+02:00" endTime="2026-06-01T17:47:42.7232190+02:00" testType="13cdc9d9-ddb5-4fa4-a97d-d965ccfc6d4b" outcome="Passed" testListId="8c84fa94-04c1-424b-9868-57a2d4851a1d" relativeResultsDirectory="47025f3d-45d0-4ceb-a7b1-dbb153ac95e3" />
    <UnitTestResult executionId="3d3588d8-1015-40fb-ba45-3c361a5ff248" testId="0c7b0aec-13ff-d68b-6f44-b7fb4a150524" testName="EmptyBraces_GeneratesCorrectly" computerName="Philippes-Mac-Studio-2" duration="00:00:00.0001090" startTime="2026-06-01T17:47:42.7225410+02:00" endTime="2026-06-01T17:47:42.7226500+02:00" testType="13cdc9d9-ddb5-4fa4-a97d-d965ccfc6d4b" outcome="Passed" testListId="8c84fa94-04c1-424b-9868-57a2d4851a1d" relativeResultsDirectory="3d3588d8-1015-40fb-ba45-3c361a5ff248" />
    <UnitTestResult executionId="041dea8b-6914-4247-a96d-06f9fcd8a6da" testId="d8dd7cfa-cf77-25b8-aff7-1d4e2b3801cb" testName="SummaryParam_GeneratesParameterDocumentation" computerName="Philippes-Mac-Studio-2" duration="00:00:00.0001499" startTime="2026-06-01T17:47:42.7344760+02:00" endTime="2026-06-01T17:47:42.7346250+02:00" testType="13cdc9d9-ddb5-4fa4-a97d-d965ccfc6d4b" outcome="Passed" testListId="8c84fa94-04c1-424b-9868-57a2d4851a1d" relativeResultsDirectory="041dea8b-6914-4247-a96d-06f9fcd8a6da" />
    <UnitTestResult executionId="f4778070-68de-4048-8e79-2789bc212d46" testId="b162bb3e-7e0f-5477-5167-c5ab0ceebe61" testName="Issue86_ImmutableListWithVariousBasicTypes_AllCompile" computerName="Philippes-Mac-Studio-2" duration="00:00:00.0134610" startTime="2026-06-01T17:47:42.9090370+02:00" endTime="2026-06-01T17:47:42.9224940+02:00" testType="13cdc9d9-ddb5-4fa4-a97d-d965ccfc6d4b" outcome="Failed" testListId="8c84fa94-04c1-424b-9868-57a2d4851a1d" relativeResultsDirectory="f4778070-68de-4048-8e79-2789bc212d46">
      <Output>
        <ErrorInfo>
          <Message>System.ArgumentException : The value cannot be an empty string. (Parameter 'path')</Message>
          <StackTrace>   at System.ArgumentException.ThrowNullOrEmptyException(String argument, String paramName)
   at System.IO.FileStream..ctor(String path, FileMode mode, FileAccess access, FileShare share)
   at Roslyn.Utilities.StandardFileSystem.OpenFile(String filePath, FileMode mode, FileAccess access, FileShare share)
   at Roslyn.Utilities.CommonCompilerFileSystemExtensions.OpenFileWithNormalizedException(ICommonCompilerFileSystem fileSystem, String filePath, FileMode fileMode, FileAccess fileAccess, FileShare fileShare)
   at Microsoft.CodeAnalysis.MetadataReference.CreateFromFile(String path, MetadataReferenceProperties properties, DocumentationProvider documentation)
   at Mutty.Tests.Setup.GeneratorTests.&lt;&gt;c.&lt;GetGeneratedOutput&gt;b__0_1(Assembly assembly) in /Users/philippe/repo/github/Mutty/src/tests/Mutty.Tests/Setup/GeneratorTests.cs:line 19
   at System.Linq.Enumerable.ArrayWhereSelectIterator`2.MoveNext()
   at System.Collections.Generic.SegmentedArrayBuilder`1.AddNonICollectionRange(IEnumerable`1 source)
   at System.Linq.Enumerable.Concat2Iterator`1.ToArray()
   at System.Collections.Immutable.ImmutableArray.CreateRange[T](IEnumerable`1 items)
   at Microsoft.CodeAnalysis.ImmutableArrayExtensions.AsImmutableOrEmpty[T](IEnumerable`1 items)
   at Microsoft.CodeAnalysis.Compilation.ValidateReferences[T](IEnumerable`1 references)
   at Microsoft.CodeAnalysis.CSharp.CSharpCompilation.Create(String assemblyName, CSharpCompilationOptions options, IEnumerable`1 syntaxTrees, IEnumerable`1 references, CSharpCompilation previousSubmission, Type returnType, Type hostObjectType, Boolean isSubmission)
   at Microsoft.CodeAnalysis.CSharp.CSharpCompilation.Create(String assemblyName, IEnumerable`1 syntaxTrees, IEnumerable`1 references, CSharpCompilationOptions options)
   at Mutty.Tests.Setup.GeneratorTests.GetGeneratedOutput(String sourceCode) in /Users/philippe/repo/github/Mutty/src/tests/Mutty.Tests/Setup/GeneratorTests.cs:line 23
   at Mutty.Tests.RegressionTests.Issue86_ImmutableListWithVariousBasicTypes_AllCompile() in /Users/philippe/repo/github/Mutty/src/tests/Mutty.Tests/RegressionTests.cs:line 95
   at System.Reflection.MethodBaseInvoker.InterpretedInvoke_Method(Object obj, IntPtr* args)
   at System.Reflection.MethodBaseInvoker.InvokeWithNoArgs(Object obj, BindingFlags invokeAttr)
1)    at System.ArgumentException.ThrowNullOrEmptyException(String argument, String paramName)
   at System.IO.FileStream..ctor(String path, FileMode mode, FileAccess access, FileShare share)
   at Roslyn.Utilities.StandardFileSystem.OpenFile(String filePath, FileMode mode, FileAccess access, FileShare share)
   at Roslyn.Utilities.CommonCompilerFileSystemExtensions.OpenFileWithNormalizedException(ICommonCompilerFileSystem fileSystem, String filePath, FileMode fileMode, FileAccess fileAccess, FileShare fileShare)
   at Microsoft.CodeAnalysis.MetadataReference.CreateFromFile(String path, MetadataReferenceProperties properties, DocumentationProvider documentation)
   at Mutty.Tests.Setup.GeneratorTests.&lt;&gt;c.&lt;GetGeneratedOutput&gt;b__0_1(Assembly assembly) in /Users/philippe/repo/github/Mutty/src/tests/Mutty.Tests/Setup/GeneratorTests.cs:line 19
   at System.Linq.Enumerable.ArrayWhereSelectIterator`2.MoveNext()
   at System.Collections.Generic.SegmentedArrayBuilder`1.AddNonICollectionRange(IEnumerable`1 source)
   at System.Linq.Enumerable.Concat2Iterator`1.ToArray()
   at System.Collections.Immutable.ImmutableArray.CreateRange[T](IEnumerable`1 items)
   at Microsoft.CodeAnalysis.ImmutableArrayExtensions.AsImmutableOrEmpty[T](IEnumerable`1 items)
   at Microsoft.CodeAnalysis.Compilation.ValidateReferences[T](IEnumerable`1 references)
   at Microsoft.CodeAnalysis.CSharp.CSharpCompilation.Create(String assemblyName, CSharpCompilationOptions options, IEnumerable`1 syntaxTrees, IEnumerable`1 references, CSharpCompilation previousSubmission, Type returnType, Type hostObjectType, Boolean isSubmission)
   at Microsoft.CodeAnalysis.CSharp.CSharpCompilation.Create(String assemblyName, IEnumerable`1 syntaxTrees, IEnumerable`1 references, CSharpCompilationOptions options)
   at Mutty.Tests.Setup.GeneratorTests.GetGeneratedOutput(String sourceCode) in /Users/philippe/repo/github/Mutty/src/tests/Mutty.Tests/Setup/GeneratorTests.cs:line 23
   at Mutty.Tests.RegressionTests.Issue86_ImmutableListWithVariousBasicTypes_AllCompile() in /Users/philippe/repo/github/Mutty/src/tests/Mutty.Tests/RegressionTests.cs:line 95
   at System.Reflection.MethodBaseInvoker.InterpretedInvoke_Method(Object obj, IntPtr* args)
   at System.Reflection.MethodBaseInvoker.InvokeWithNoArgs(Object obj, BindingFlags invokeAttr)
</StackTrace>
        </ErrorInfo>
      </Output>
    </UnitTestResult>
    <UnitTestResult executionId="95aa8ba1-ca46-4509-9496-db1a297aa0cb" testId="5caa792e-f583-92f5-04c3-c6caf03a5583" testName="ShouldConvertFromRecordToMutable(&quot;ImmutableDictionary&lt;int, Student&gt;&quot;)" computerName="Philippes-Mac-Studio-2" duration="00:00:00.0000080" startTime="2026-06-01T17:47:42.7541290+02:00" endTime="2026-06-01T17:47:42.7541370+02:00" testType="13cdc9d9-ddb5-4fa4-a97d-d965ccfc6d4b" outcome="Passed" testListId="8c84fa94-04c1-424b-9868-57a2d4851a1d" relativeResultsDirectory="95aa8ba1-ca46-4509-9496-db1a297aa0cb" />
    <UnitTestResult executionId="9da05dfc-2f44-433d-b511-7c93779d9e2b" testId="0d0d858d-125c-756d-cacd-a1bf79d047d6" testName="GeneratesCorrectCodeForNullableValueTypesAsync" computerName="Philippes-Mac-Studio-2" duration="00:00:00.0144660" startTime="2026-06-01T17:47:43.0912920+02:00" endTime="2026-06-01T17:47:43.1057570+02:00" testType="13cdc9d9-ddb5-4fa4-a97d-d965ccfc6d4b" outcome="Failed" testListId="8c84fa94-04c1-424b-9868-57a2d4851a1d" relativeResultsDirectory="9da05dfc-2f44-433d-b511-7c93779d9e2b">
      <Output>
        <ErrorInfo>
          <Message>System.ArgumentException : The value cannot be an empty string. (Parameter 'path')</Message>
          <StackTrace>   at System.ArgumentException.ThrowNullOrEmptyException(String argument, String paramName)
   at System.IO.FileStream..ctor(String path, FileMode mode, FileAccess access, FileShare share)
   at Roslyn.Utilities.StandardFileSystem.OpenFile(String filePath, FileMode mode, FileAccess access, FileShare share)
   at Roslyn.Utilities.CommonCompilerFileSystemExtensions.OpenFileWithNormalizedException(ICommonCompilerFileSystem fileSystem, String filePath, FileMode fileMode, FileAccess fileAccess, FileShare fileShare)
   at Microsoft.CodeAnalysis.MetadataReference.CreateFromFile(String path, MetadataReferenceProperties properties, DocumentationProvider documentation)
   at Mutty.Tests.Setup.GeneratorTests.&lt;&gt;c.&lt;GetGeneratedOutput&gt;b__0_1(Assembly assembly) in /Users/philippe/repo/github/Mutty/src/tests/Mutty.Tests/Setup/GeneratorTests.cs:line 19
   at System.Linq.Enumerable.ArrayWhereSelectIterator`2.MoveNext()
   at System.Collections.Generic.SegmentedArrayBuilder`1.AddNonICollectionRange(IEnumerable`1 source)
   at System.Linq.Enumerable.Concat2Iterator`1.ToArray()
   at System.Collections.Immutable.ImmutableArray.CreateRange[T](IEnumerable`1 items)
   at Microsoft.CodeAnalysis.ImmutableArrayExtensions.AsImmutableOrEmpty[T](IEnumerable`1 items)
   at Microsoft.CodeAnalysis.Compilation.ValidateReferences[T](IEnumerable`1 references)
   at Microsoft.CodeAnalysis.CSharp.CSharpCompilation.Create(String assemblyName, CSharpCompilationOptions options, IEnumerable`1 syntaxTrees, IEnumerable`1 references, CSharpCompilation previousSubmission, Type returnType, Type hostObjectType, Boolean isSubmission)
   at Microsoft.CodeAnalysis.CSharp.CSharpCompilation.Create(String assemblyName, IEnumerable`1 syntaxTrees, IEnumerable`1 references, CSharpCompilationOptions options)
   at Mutty.Tests.Setup.GeneratorTests.GetGeneratedOutput(String sourceCode) in /Users/philippe/repo/github/Mutty/src/tests/Mutty.Tests/Setup/GeneratorTests.cs:line 23
   at Mutty.Tests.SnapshotTests.GeneratesCorrectCodeForNullableValueTypesAsync() in /Users/philippe/repo/github/Mutty/src/tests/Mutty.Tests/SnapshotTests.cs:line 217
   at System.Reflection.MethodBaseInvoker.InterpretedInvoke_Method(Object obj, IntPtr* args)
   at System.Reflection.MethodBaseInvoker.InvokeWithNoArgs(Object obj, BindingFlags invokeAttr)
1)    at System.ArgumentException.ThrowNullOrEmptyException(String argument, String paramName)
   at System.IO.FileStream..ctor(String path, FileMode mode, FileAccess access, FileShare share)
   at Roslyn.Utilities.StandardFileSystem.OpenFile(String filePath, FileMode mode, FileAccess access, FileShare share)
   at Roslyn.Utilities.CommonCompilerFileSystemExtensions.OpenFileWithNormalizedException(ICommonCompilerFileSystem fileSystem, String filePath, FileMode fileMode, FileAccess fileAccess, FileShare fileShare)
   at Microsoft.CodeAnalysis.MetadataReference.CreateFromFile(String path, MetadataReferenceProperties properties, DocumentationProvider documentation)
   at Mutty.Tests.Setup.GeneratorTests.&lt;&gt;c.&lt;GetGeneratedOutput&gt;b__0_1(Assembly assembly) in /Users/philippe/repo/github/Mutty/src/tests/Mutty.Tests/Setup/GeneratorTests.cs:line 19
   at System.Linq.Enumerable.ArrayWhereSelectIterator`2.MoveNext()
   at System.Collections.Generic.SegmentedArrayBuilder`1.AddNonICollectionRange(IEnumerable`1 source)
   at System.Linq.Enumerable.Concat2Iterator`1.ToArray()
   at System.Collections.Immutable.ImmutableArray.CreateRange[T](IEnumerable`1 items)
   at Microsoft.CodeAnalysis.ImmutableArrayExtensions.AsImmutableOrEmpty[T](IEnumerable`1 items)
   at Microsoft.CodeAnalysis.Compilation.ValidateReferences[T](IEnumerable`1 references)
   at Microsoft.CodeAnalysis.CSharp.CSharpCompilation.Create(String assemblyName, CSharpCompilationOptions options, IEnumerable`1 syntaxTrees, IEnumerable`1 references, CSharpCompilation previousSubmission, Type returnType, Type hostObjectType, Boolean isSubmission)
   at Microsoft.CodeAnalysis.CSharp.CSharpCompilation.Create(String assemblyName, IEnumerable`1 syntaxTrees, IEnumerable`1 references, CSharpCompilationOptions options)
   at Mutty.Tests.Setup.GeneratorTests.GetGeneratedOutput(String sourceCode) in /Users/philippe/repo/github/Mutty/src/tests/Mutty.Tests/Setup/GeneratorTests.cs:line 23
   at Mutty.Tests.SnapshotTests.GeneratesCorrectCodeForNullableValueTypesAsync() in /Users/philippe/repo/github/Mutty/src/tests/Mutty.Tests/SnapshotTests.cs:line 217
   at System.Reflection.MethodBaseInvoker.InterpretedInvoke_Method(Object obj, IntPtr* args)
   at System.Reflection.MethodBaseInvoker.InvokeWithNoArgs(Object obj, BindingFlags invokeAttr)
</StackTrace>
        </ErrorInfo>
      </Output>
    </UnitTestResult>
    <UnitTestResult executionId="3c155003-c08e-4baf-91da-c4cc9ff5d189" testId="369ef077-a172-1bfa-6908-d360884c778d" testName="Constructor_CreatesEmptyBuilder" computerName="Philippes-Mac-Studio-2" duration="00:00:00.0000360" startTime="2026-06-01T17:47:42.7224990+02:00" endTime="2026-06-01T17:47:42.7225350+02:00" testType="13cdc9d9-ddb5-4fa4-a97d-d965ccfc6d4b" outcome="Passed" testListId="8c84fa94-04c1-424b-9868-57a2d4851a1d" relativeResultsDirectory="3c155003-c08e-4baf-91da-c4cc9ff5d189" />
    <UnitTestResult executionId="bf94bda2-8243-44cc-b495-5f6aa588a6f9" testId="a1d15ea8-bc52-3b04-f6b9-2e933bf92e13" testName="PropertyModel_ShouldDetectImmutableArrayProperty" computerName="Philippes-Mac-Studio-2" duration="00:00:00.0114039" startTime="2026-06-01T17:47:42.7564680+02:00" endTime="2026-06-01T17:47:42.7678690+02:00" testType="13cdc9d9-ddb5-4fa4-a97d-d965ccfc6d4b" outcome="Failed" testListId="8c84fa94-04c1-424b-9868-57a2d4851a1d" relativeResultsDirectory="bf94bda2-8243-44cc-b495-5f6aa588a6f9">
      <Output>
        <ErrorInfo>
          <Message>System.ArgumentException : The value cannot be an empty string. (Parameter 'path')</Message>
          <StackTrace>   at System.ArgumentException.ThrowNullOrEmptyException(String argument, String paramName)
   at System.IO.FileStream..ctor(String path, FileMode mode, FileAccess access, FileShare share)
   at Roslyn.Utilities.StandardFileSystem.OpenFile(String filePath, FileMode mode, FileAccess access, FileShare share)
   at Roslyn.Utilities.CommonCompilerFileSystemExtensions.OpenFileWithNormalizedException(ICommonCompilerFileSystem fileSystem, String filePath, FileMode fileMode, FileAccess fileAccess, FileShare fileShare)
   at Microsoft.CodeAnalysis.MetadataReference.CreateFromFile(String path, MetadataReferenceProperties properties, DocumentationProvider documentation)
   at Mutty.Tests.PropertyModelTests.&lt;&gt;c.&lt;GetPropertySymbol&gt;b__6_1(Assembly assembly) in /Users/philippe/repo/github/Mutty/src/tests/Mutty.Tests/PropertyModelTests.cs:line 120
   at System.Linq.Enumerable.ArrayWhereSelectIterator`2.MoveNext()
   at System.Linq.Enumerable.&lt;ToArray&gt;g__EnumerableToArray|324_0[TSource](IEnumerable`1 source)
   at System.Collections.Immutable.ImmutableArray.CreateRange[T](IEnumerable`1 items)
   at Microsoft.CodeAnalysis.ImmutableArrayExtensions.AsImmutableOrEmpty[T](IEnumerable`1 items)
   at Microsoft.CodeAnalysis.Compilation.ValidateReferences[T](IEnumerable`1 references)
   at Microsoft.CodeAnalysis.CSharp.CSharpCompilation.Create(String assemblyName, CSharpCompilationOptions options, IEnumerable`1 syntaxTrees, IEnumerable`1 references, CSharpCompilation previousSubmission, Type returnType, Type hostObjectType, Boolean isSubmission)
   at Microsoft.CodeAnalysis.CSharp.CSharpCompilation.Create(String assemblyName, IEnumerable`1 syntaxTrees, IEnumerable`1 references, CSharpCompilationOptions options)
   at Mutty.Tests.PropertyModelTests.GetPropertySymbol(String propertyDeclaration, String propertyName) in /Users/philippe/repo/github/Mutty/src/tests/Mutty.Tests/PropertyModelTests.cs:line 122
   at Mutty.Tests.PropertyModelTests.PropertyModel_ShouldDetectImmutableArrayProperty() in /Users/philippe/repo/github/Mutty/src/tests/Mutty.Tests/PropertyModelTests.cs:line 36
   at System.Reflection.MethodBaseInvoker.InterpretedInvoke_Method(Object obj, IntPtr* args)
   at System.Reflection.MethodBaseInvoker.InvokeWithNoArgs(Object obj, BindingFlags invokeAttr)
1)    at System.ArgumentException.ThrowNullOrEmptyException(String argument, String paramName)
   at System.IO.FileStream..ctor(String path, FileMode mode, FileAccess access, FileShare share)
   at Roslyn.Utilities.StandardFileSystem.OpenFile(String filePath, FileMode mode, FileAccess access, FileShare share)
   at Roslyn.Utilities.CommonCompilerFileSystemExtensions.OpenFileWithNormalizedException(ICommonCompilerFileSystem fileSystem, String filePath, FileMode fileMode, FileAccess fileAccess, FileShare fileShare)
   at Microsoft.CodeAnalysis.MetadataReference.CreateFromFile(String path, MetadataReferenceProperties properties, DocumentationProvider documentation)
   at Mutty.Tests.PropertyModelTests.&lt;&gt;c.&lt;GetPropertySymbol&gt;b__6_1(Assembly assembly) in /Users/philippe/repo/github/Mutty/src/tests/Mutty.Tests/PropertyModelTests.cs:line 120
   at System.Linq.Enumerable.ArrayWhereSelectIterator`2.MoveNext()
   at System.Linq.Enumerable.&lt;ToArray&gt;g__EnumerableToArray|324_0[TSource](IEnumerable`1 source)
   at System.Collections.Immutable.ImmutableArray.CreateRange[T](IEnumerable`1 items)
   at Microsoft.CodeAnalysis.ImmutableArrayExtensions.AsImmutableOrEmpty[T](IEnumerable`1 items)
   at Microsoft.CodeAnalysis.Compilation.ValidateReferences[T](IEnumerable`1 references)
   at Microsoft.CodeAnalysis.CSharp.CSharpCompilation.Create(String assemblyName, CSharpCompilationOptions options, IEnumerable`1 syntaxTrees, IEnumerable`1 references, CSharpCompilation previousSubmission, Type returnType, Type hostObjectType, Boolean isSubmission)
   at Microsoft.CodeAnalysis.CSharp.CSharpCompilation.Create(String assemblyName, IEnumerable`1 syntaxTrees, IEnumerable`1 references, CSharpCompilationOptions options)
   at Mutty.Tests.PropertyModelTests.GetPropertySymbol(String propertyDeclaration, String propertyName) in /Users/philippe/repo/github/Mutty/src/tests/Mutty.Tests/PropertyModelTests.cs:line 122
   at Mutty.Tests.PropertyModelTests.PropertyModel_ShouldDetectImmutableArrayProperty() in /Users/philippe/repo/github/Mutty/src/tests/Mutty.Tests/PropertyModelTests.cs:line 36
   at System.Reflection.MethodBaseInvoker.InterpretedInvoke_Method(Object obj, IntPtr* args)
   at System.Reflection.MethodBaseInvoker.InvokeWithNoArgs(Object obj, BindingFlags invokeAttr)
</StackTrace>
        </ErrorInfo>
      </Output>
    </UnitTestResult>
    <UnitTestResult executionId="d595805f-ff9d-4d68-b67d-dd8ab30b848c" testId="a4650425-d533-76b8-04bc-5ecc8bc86606" testName="InvalidUsage_OnEnum_ProducesDiagnosticAsync" computerName="Philippes-Mac-Studio-2" duration="00:00:00.0213920" startTime="2026-06-01T17:47:41.1913360+02:00" endTime="2026-06-01T17:47:41.2127280+02:00" testType="13cdc9d9-ddb5-4fa4-a97d-d965ccfc6d4b" outcome="Passed" testListId="8c84fa94-04c1-424b-9868-57a2d4851a1d" relativeResultsDirectory="d595805f-ff9d-4d68-b67d-dd8ab30b848c" />
    <UnitTestResult executionId="af001dd8-9977-407f-ae68-117f4104b659" testId="c6fa757b-741e-cba0-b028-ea99ddadca7e" testName="PropertyModel_ShouldDetectImmutableDictionaryProperty" computerName="Philippes-Mac-Studio-2" duration="00:00:00.0146310" startTime="2026-06-01T17:47:42.7679400+02:00" endTime="2026-06-01T17:47:42.7825700+02:00" testType="13cdc9d9-ddb5-4fa4-a97d-d965ccfc6d4b" outcome="Failed" testListId="8c84fa94-04c1-424b-9868-57a2d4851a1d" relativeResultsDirectory="af001dd8-9977-407f-ae68-117f4104b659">
      <Output>
        <ErrorInfo>
          <Message>System.ArgumentException : The value cannot be an empty string. (Parameter 'path')</Message>
          <StackTrace>   at System.ArgumentException.ThrowNullOrEmptyException(String argument, String paramName)
   at System.IO.FileStream..ctor(String path, FileMode mode, FileAccess access, FileShare share)
   at Roslyn.Utilities.StandardFileSystem.OpenFile(String filePath, FileMode mode, FileAccess access, FileShare share)
   at Roslyn.Utilities.CommonCompilerFileSystemExtensions.OpenFileWithNormalizedException(ICommonCompilerFileSystem fileSystem, String filePath, FileMode fileMode, FileAccess fileAccess, FileShare fileShare)
   at Microsoft.CodeAnalysis.MetadataReference.CreateFromFile(String path, MetadataReferenceProperties properties, DocumentationProvider documentation)
   at Mutty.Tests.PropertyModelTests.&lt;&gt;c.&lt;GetPropertySymbol&gt;b__6_1(Assembly assembly) in /Users/philippe/repo/github/Mutty/src/tests/Mutty.Tests/PropertyModelTests.cs:line 120
   at System.Linq.Enumerable.ArrayWhereSelectIterator`2.MoveNext()
   at System.Linq.Enumerable.&lt;ToArray&gt;g__EnumerableToArray|324_0[TSource](IEnumerable`1 source)
   at System.Collections.Immutable.ImmutableArray.CreateRange[T](IEnumerable`1 items)
   at Microsoft.CodeAnalysis.ImmutableArrayExtensions.AsImmutableOrEmpty[T](IEnumerable`1 items)
   at Microsoft.CodeAnalysis.Compilation.ValidateReferences[T](IEnumerable`1 references)
   at Microsoft.CodeAnalysis.CSharp.CSharpCompilation.Create(String assemblyName, CSharpCompilationOptions options, IEnumerable`1 syntaxTrees, IEnumerable`1 references, CSharpCompilation previousSubmission, Type returnType, Type hostObjectType, Boolean isSubmission)
   at Microsoft.CodeAnalysis.CSharp.CSharpCompilation.Create(String assemblyName, IEnumerable`1 syntaxTrees, IEnumerable`1 references, CSharpCompilationOptions options)
   at Mutty.Tests.PropertyModelTests.GetPropertySymbol(String propertyDeclaration, String propertyName) in /Users/philippe/repo/github/Mutty/src/tests/Mutty.Tests/PropertyModelTests.cs:line 122
   at Mutty.Tests.PropertyModelTests.PropertyModel_ShouldDetectImmutableDictionaryProperty() in /Users/philippe/repo/github/Mutty/src/tests/Mutty.Tests/PropertyModelTests.cs:line 81
   at System.Reflection.MethodBaseInvoker.InterpretedInvoke_Method(Object obj, IntPtr* args)
   at System.Reflection.MethodBaseInvoker.InvokeWithNoArgs(Object obj, BindingFlags invokeAttr)
1)    at System.ArgumentException.ThrowNullOrEmptyException(String argument, String paramName)
   at System.IO.FileStream..ctor(String path, FileMode mode, FileAccess access, FileShare share)
   at Roslyn.Utilities.StandardFileSystem.OpenFile(String filePath, FileMode mode, FileAccess access, FileShare share)
   at Roslyn.Utilities.CommonCompilerFileSystemExtensions.OpenFileWithNormalizedException(ICommonCompilerFileSystem fileSystem, String filePath, FileMode fileMode, FileAccess fileAccess, FileShare fileShare)
   at Microsoft.CodeAnalysis.MetadataReference.CreateFromFile(String path, MetadataReferenceProperties properties, DocumentationProvider documentation)
   at Mutty.Tests.PropertyModelTests.&lt;&gt;c.&lt;GetPropertySymbol&gt;b__6_1(Assembly assembly) in /Users/philippe/repo/github/Mutty/src/tests/Mutty.Tests/PropertyModelTests.cs:line 120
   at System.Linq.Enumerable.ArrayWhereSelectIterator`2.MoveNext()
   at System.Linq.Enumerable.&lt;ToArray&gt;g__EnumerableToArray|324_0[TSource](IEnumerable`1 source)
   at System.Collections.Immutable.ImmutableArray.CreateRange[T](IEnumerable`1 items)
   at Microsoft.CodeAnalysis.ImmutableArrayExtensions.AsImmutableOrEmpty[T](IEnumerable`1 items)
   at Microsoft.CodeAnalysis.Compilation.ValidateReferences[T](IEnumerable`1 references)
   at Microsoft.CodeAnalysis.CSharp.CSharpCompilation.Create(String assemblyName, CSharpCompilationOptions options, IEnumerable`1 syntaxTrees, IEnumerable`1 references, CSharpCompilation previousSubmission, Type returnType, Type hostObjectType, Boolean isSubmission)
   at Microsoft.CodeAnalysis.CSharp.CSharpCompilation.Create(String assemblyName, IEnumerable`1 syntaxTrees, IEnumerable`1 references, CSharpCompilationOptions options)
   at Mutty.Tests.PropertyModelTests.GetPropertySymbol(String propertyDeclaration, String propertyName) in /Users/philippe/repo/github/Mutty/src/tests/Mutty.Tests/PropertyModelTests.cs:line 122
   at Mutty.Tests.PropertyModelTests.PropertyModel_ShouldDetectImmutableDictionaryProperty() in /Users/philippe/repo/github/Mutty/src/tests/Mutty.Tests/PropertyModelTests.cs:line 81
   at System.Reflection.MethodBaseInvoker.InterpretedInvoke_Method(Object obj, IntPtr* args)
   at System.Reflection.MethodBaseInvoker.InvokeWithNoArgs(Object obj, BindingFlags invokeAttr)
</StackTrace>
        </ErrorInfo>
      </Output>
    </UnitTestResult>
    <UnitTestResult executionId="db292c01-7b61-4deb-8a29-40d2003e3acf" testId="f9d141cb-e1fd-9cde-8226-9482418b6709" testName="IncrementIndent_IncreasesIndentation" computerName="Philippes-Mac-Studio-2" duration="00:00:00.0000640" startTime="2026-06-01T17:47:42.7380640+02:00" endTime="2026-06-01T17:47:42.7381280+02:00" testType="13cdc9d9-ddb5-4fa4-a97d-d965ccfc6d4b" outcome="Passed" testListId="8c84fa94-04c1-424b-9868-57a2d4851a1d" relativeResultsDirectory="db292c01-7b61-4deb-8a29-40d2003e3acf" />
    <UnitTestResult executionId="70a3ef99-9a50-4261-820d-76bd35734dce" testId="1b1d7f05-2b95-a19d-5cf5-fa254bfda59f" testName="Append_StringEnumerable_AppendsAllWithIndent" computerName="Philippes-Mac-Studio-2" duration="00:00:00.0002330" startTime="2026-06-01T17:47:42.7352380+02:00" endTime="2026-06-01T17:47:42.7354710+02:00" testType="13cdc9d9-ddb5-4fa4-a97d-d965ccfc6d4b" outcome="Passed" testListId="8c84fa94-04c1-424b-9868-57a2d4851a1d" relativeResultsDirectory="70a3ef99-9a50-4261-820d-76bd35734dce" />
    <UnitTestResult executionId="9399f5e7-948d-4e44-bb03-c759155dfedd" testId="ba51e9fb-a5b5-d789-1f9d-d9c6ed3173a1" testName="PropertyModel_ShouldDetectSimpleProperty" computerName="Philippes-Mac-Studio-2" duration="00:00:00.0139430" startTime="2026-06-01T17:47:42.8228250+02:00" endTime="2026-06-01T17:47:42.8367670+02:00" testType="13cdc9d9-ddb5-4fa4-a97d-d965ccfc6d4b" outcome="Failed" testListId="8c84fa94-04c1-424b-9868-57a2d4851a1d" relativeResultsDirectory="9399f5e7-948d-4e44-bb03-c759155dfedd">
      <Output>
        <ErrorInfo>
          <Message>System.ArgumentException : The value cannot be an empty string. (Parameter 'path')</Message>
          <StackTrace>   at System.ArgumentException.ThrowNullOrEmptyException(String argument, String paramName)
   at System.IO.FileStream..ctor(String path, FileMode mode, FileAccess access, FileShare share)
   at Roslyn.Utilities.StandardFileSystem.OpenFile(String filePath, FileMode mode, FileAccess access, FileShare share)
   at Roslyn.Utilities.CommonCompilerFileSystemExtensions.OpenFileWithNormalizedException(ICommonCompilerFileSystem fileSystem, String filePath, FileMode fileMode, FileAccess fileAccess, FileShare fileShare)
   at Microsoft.CodeAnalysis.MetadataReference.CreateFromFile(String path, MetadataReferenceProperties properties, DocumentationProvider documentation)
   at Mutty.Tests.PropertyModelTests.&lt;&gt;c.&lt;GetPropertySymbol&gt;b__6_1(Assembly assembly) in /Users/philippe/repo/github/Mutty/src/tests/Mutty.Tests/PropertyModelTests.cs:line 120
   at System.Linq.Enumerable.ArrayWhereSelectIterator`2.MoveNext()
   at System.Linq.Enumerable.&lt;ToArray&gt;g__EnumerableToArray|324_0[TSource](IEnumerable`1 source)
   at System.Collections.Immutable.ImmutableArray.CreateRange[T](IEnumerable`1 items)
   at Microsoft.CodeAnalysis.ImmutableArrayExtensions.AsImmutableOrEmpty[T](IEnumerable`1 items)
   at Microsoft.CodeAnalysis.Compilation.ValidateReferences[T](IEnumerable`1 references)
   at Microsoft.CodeAnalysis.CSharp.CSharpCompilation.Create(String assemblyName, CSharpCompilationOptions options, IEnumerable`1 syntaxTrees, IEnumerable`1 references, CSharpCompilation previousSubmission, Type returnType, Type hostObjectType, Boolean isSubmission)
   at Microsoft.CodeAnalysis.CSharp.CSharpCompilation.Create(String assemblyName, IEnumerable`1 syntaxTrees, IEnumerable`1 references, CSharpCompilationOptions options)
   at Mutty.Tests.PropertyModelTests.GetPropertySymbol(String propertyDeclaration, String propertyName) in /Users/philippe/repo/github/Mutty/src/tests/Mutty.Tests/PropertyModelTests.cs:line 122
   at Mutty.Tests.PropertyModelTests.PropertyModel_ShouldDetectSimpleProperty() in /Users/philippe/repo/github/Mutty/src/tests/Mutty.Tests/PropertyModelTests.cs:line 22
   at System.Reflection.MethodBaseInvoker.InterpretedInvoke_Method(Object obj, IntPtr* args)
   at System.Reflection.MethodBaseInvoker.InvokeWithNoArgs(Object obj, BindingFlags invokeAttr)
1)    at System.ArgumentException.ThrowNullOrEmptyException(String argument, String paramName)
   at System.IO.FileStream..ctor(String path, FileMode mode, FileAccess access, FileShare share)
   at Roslyn.Utilities.StandardFileSystem.OpenFile(String filePath, FileMode mode, FileAccess access, FileShare share)
   at Roslyn.Utilities.CommonCompilerFileSystemExtensions.OpenFileWithNormalizedException(ICommonCompilerFileSystem fileSystem, String filePath, FileMode fileMode, FileAccess fileAccess, FileShare fileShare)
   at Microsoft.CodeAnalysis.MetadataReference.CreateFromFile(String path, MetadataReferenceProperties properties, DocumentationProvider documentation)
   at Mutty.Tests.PropertyModelTests.&lt;&gt;c.&lt;GetPropertySymbol&gt;b__6_1(Assembly assembly) in /Users/philippe/repo/github/Mutty/src/tests/Mutty.Tests/PropertyModelTests.cs:line 120
   at System.Linq.Enumerable.ArrayWhereSelectIterator`2.MoveNext()
   at System.Linq.Enumerable.&lt;ToArray&gt;g__EnumerableToArray|324_0[TSource](IEnumerable`1 source)
   at System.Collections.Immutable.ImmutableArray.CreateRange[T](IEnumerable`1 items)
   at Microsoft.CodeAnalysis.ImmutableArrayExtensions.AsImmutableOrEmpty[T](IEnumerable`1 items)
   at Microsoft.CodeAnalysis.Compilation.ValidateReferences[T](IEnumerable`1 references)
   at Microsoft.CodeAnalysis.CSharp.CSharpCompilation.Create(String assemblyName, CSharpCompilationOptions options, IEnumerable`1 syntaxTrees, IEnumerable`1 references, CSharpCompilation previousSubmission, Type returnType, Type hostObjectType, Boolean isSubmission)
   at Microsoft.CodeAnalysis.CSharp.CSharpCompilation.Create(String assemblyName, IEnumerable`1 syntaxTrees, IEnumerable`1 references, CSharpCompilationOptions options)
   at Mutty.Tests.PropertyModelTests.GetPropertySymbol(String propertyDeclaration, String propertyName) in /Users/philippe/repo/github/Mutty/src/tests/Mutty.Tests/PropertyModelTests.cs:line 122
   at Mutty.Tests.PropertyModelTests.PropertyModel_ShouldDetectSimpleProperty() in /Users/philippe/repo/github/Mutty/src/tests/Mutty.Tests/PropertyModelTests.cs:line 22
   at System.Reflection.MethodBaseInvoker.InterpretedInvoke_Method(Object obj, IntPtr* args)
   at System.Reflection.MethodBaseInvoker.InvokeWithNoArgs(Object obj, BindingFlags invokeAttr)
</StackTrace>
        </ErrorInfo>
      </Output>
    </UnitTestResult>
    <UnitTestResult executionId="abc4f8dc-c0c7-478e-bd89-53ee49df2787" testId="0ea11db0-0d19-d600-7c49-d7e1be10044e" testName="GeneratesCorrectCodeForRecordWithMultipleCollectionsAsync" computerName="Philippes-Mac-Studio-2" duration="00:00:00.0136550" startTime="2026-06-01T17:47:43.1343850+02:00" endTime="2026-06-01T17:47:43.1480380+02:00" testType="13cdc9d9-ddb5-4fa4-a97d-d965ccfc6d4b" outcome="Failed" testListId="8c84fa94-04c1-424b-9868-57a2d4851a1d" relativeResultsDirectory="abc4f8dc-c0c7-478e-bd89-53ee49df2787">
      <Output>
        <ErrorInfo>
          <Message>System.ArgumentException : The value cannot be an empty string. (Parameter 'path')</Message>
          <StackTrace>   at System.ArgumentException.ThrowNullOrEmptyException(String argument, String paramName)
   at System.IO.FileStream..ctor(String path, FileMode mode, FileAccess access, FileShare share)
   at Roslyn.Utilities.StandardFileSystem.OpenFile(String filePath, FileMode mode, FileAccess access, FileShare share)
   at Roslyn.Utilities.CommonCompilerFileSystemExtensions.OpenFileWithNormalizedException(ICommonCompilerFileSystem fileSystem, String filePath, FileMode fileMode, FileAccess fileAccess, FileShare fileShare)
   at Microsoft.CodeAnalysis.MetadataReference.CreateFromFile(String path, MetadataReferenceProperties properties, DocumentationProvider documentation)
   at Mutty.Tests.Setup.GeneratorTests.&lt;&gt;c.&lt;GetGeneratedOutput&gt;b__0_1(Assembly assembly) in /Users/philippe/repo/github/Mutty/src/tests/Mutty.Tests/Setup/GeneratorTests.cs:line 19
   at System.Linq.Enumerable.ArrayWhereSelectIterator`2.MoveNext()
   at System.Collections.Generic.SegmentedArrayBuilder`1.AddNonICollectionRange(IEnumerable`1 source)
   at System.Linq.Enumerable.Concat2Iterator`1.ToArray()
   at System.Collections.Immutable.ImmutableArray.CreateRange[T](IEnumerable`1 items)
   at Microsoft.CodeAnalysis.ImmutableArrayExtensions.AsImmutableOrEmpty[T](IEnumerable`1 items)
   at Microsoft.CodeAnalysis.Compilation.ValidateReferences[T](IEnumerable`1 references)
   at Microsoft.CodeAnalysis.CSharp.CSharpCompilation.Create(String assemblyName, CSharpCompilationOptions options, IEnumerable`1 syntaxTrees, IEnumerable`1 references, CSharpCompilation previousSubmission, Type returnType, Type hostObjectType, Boolean isSubmission)
   at Microsoft.CodeAnalysis.CSharp.CSharpCompilation.Create(String assemblyName, IEnumerable`1 syntaxTrees, IEnumerable`1 references, CSharpCompilationOptions options)
   at Mutty.Tests.Setup.GeneratorTests.GetGeneratedOutput(String sourceCode) in /Users/philippe/repo/github/Mutty/src/tests/Mutty.Tests/Setup/GeneratorTests.cs:line 23
   at Mutty.Tests.SnapshotTests.GeneratesCorrectCodeForRecordWithMultipleCollectionsAsync() in /Users/philippe/repo/github/Mutty/src/tests/Mutty.Tests/SnapshotTests.cs:line 112
   at System.Reflection.MethodBaseInvoker.InterpretedInvoke_Method(Object obj, IntPtr* args)
   at System.Reflection.MethodBaseInvoker.InvokeWithNoArgs(Object obj, BindingFlags invokeAttr)
1)    at System.ArgumentException.ThrowNullOrEmptyException(String argument, String paramName)
   at System.IO.FileStream..ctor(String path, FileMode mode, FileAccess access, FileShare share)
   at Roslyn.Utilities.StandardFileSystem.OpenFile(String filePath, FileMode mode, FileAccess access, FileShare share)
   at Roslyn.Utilities.CommonCompilerFileSystemExtensions.OpenFileWithNormalizedException(ICommonCompilerFileSystem fileSystem, String filePath, FileMode fileMode, FileAccess fileAccess, FileShare fileShare)
   at Microsoft.CodeAnalysis.MetadataReference.CreateFromFile(String path, MetadataReferenceProperties properties, DocumentationProvider documentation)
   at Mutty.Tests.Setup.GeneratorTests.&lt;&gt;c.&lt;GetGeneratedOutput&gt;b__0_1(Assembly assembly) in /Users/philippe/repo/github/Mutty/src/tests/Mutty.Tests/Setup/GeneratorTests.cs:line 19
   at System.Linq.Enumerable.ArrayWhereSelectIterator`2.MoveNext()
   at System.Collections.Generic.SegmentedArrayBuilder`1.AddNonICollectionRange(IEnumerable`1 source)
   at System.Linq.Enumerable.Concat2Iterator`1.ToArray()
   at System.Collections.Immutable.ImmutableArray.CreateRange[T](IEnumerable`1 items)
   at Microsoft.CodeAnalysis.ImmutableArrayExtensions.AsImmutableOrEmpty[T](IEnumerable`1 items)
   at Microsoft.CodeAnalysis.Compilation.ValidateReferences[T](IEnumerable`1 references)
   at Microsoft.CodeAnalysis.CSharp.CSharpCompilation.Create(String assemblyName, CSharpCompilationOptions options, IEnumerable`1 syntaxTrees, IEnumerable`1 references, CSharpCompilation previousSubmission, Type returnType, Type hostObjectType, Boolean isSubmission)
   at Microsoft.CodeAnalysis.CSharp.CSharpCompilation.Create(String assemblyName, IEnumerable`1 syntaxTrees, IEnumerable`1 references, CSharpCompilationOptions options)
   at Mutty.Tests.Setup.GeneratorTests.GetGeneratedOutput(String sourceCode) in /Users/philippe/repo/github/Mutty/src/tests/Mutty.Tests/Setup/GeneratorTests.cs:line 23
   at Mutty.Tests.SnapshotTests.GeneratesCorrectCodeForRecordWithMultipleCollectionsAsync() in /Users/philippe/repo/github/Mutty/src/tests/Mutty.Tests/SnapshotTests.cs:line 112
   at System.Reflection.MethodBaseInvoker.InterpretedInvoke_Method(Object obj, IntPtr* args)
   at System.Reflection.MethodBaseInvoker.InvokeWithNoArgs(Object obj, BindingFlags invokeAttr)
</StackTrace>
        </ErrorInfo>
      </Output>
    </UnitTestResult>
    <UnitTestResult executionId="3f582ffb-22c9-41d1-94ee-5bd6ce8670a0" testId="620095e6-2c43-f934-8cac-3e5a161129b4" testName="ShouldGenerateMutableWithImmutableSortedSetProperty" computerName="Philippes-Mac-Studio-2" duration="00:00:00.0341200" startTime="2026-06-01T17:47:42.0793380+02:00" endTime="2026-06-01T17:47:42.1134560+02:00" testType="13cdc9d9-ddb5-4fa4-a97d-d965ccfc6d4b" outcome="Passed" testListId="8c84fa94-04c1-424b-9868-57a2d4851a1d" relativeResultsDirectory="3f582ffb-22c9-41d1-94ee-5bd6ce8670a0" />
    <UnitTestResult executionId="2331d284-9e95-4f47-bf73-99b599523435" testId="5eac0305-fac7-0003-35e2-dfed00fa4105" testName="DifferentAttribute_NoDiagnosticAsync" computerName="Philippes-Mac-Studio-2" duration="00:00:00.7829460" startTime="2026-06-01T17:47:40.3229310+02:00" endTime="2026-06-01T17:47:41.1058240+02:00" testType="13cdc9d9-ddb5-4fa4-a97d-d965ccfc6d4b" outcome="Passed" testListId="8c84fa94-04c1-424b-9868-57a2d4851a1d" relativeResultsDirectory="2331d284-9e95-4f47-bf73-99b599523435" />
    <UnitTestResult executionId="5213ade5-d7b4-4cf8-bca8-2a00fca04322" testId="a6b4419c-cad1-ff3a-eea5-c04c57321d25" testName="GeneratesCorrectCodeForNestedRecordAsync" computerName="Philippes-Mac-Studio-2" duration="00:00:00.0141190" startTime="2026-06-01T17:47:43.0632270+02:00" endTime="2026-06-01T17:47:43.0773460+02:00" testType="13cdc9d9-ddb5-4fa4-a97d-d965ccfc6d4b" outcome="Failed" testListId="8c84fa94-04c1-424b-9868-57a2d4851a1d" relativeResultsDirectory="5213ade5-d7b4-4cf8-bca8-2a00fca04322">
      <Output>
        <ErrorInfo>
          <Message>System.ArgumentException : The value cannot be an empty string. (Parameter 'path')</Message>
          <StackTrace>   at System.ArgumentException.ThrowNullOrEmptyException(String argument, String paramName)
   at System.IO.FileStream..ctor(String path, FileMode mode, FileAccess access, FileShare share)
   at Roslyn.Utilities.StandardFileSystem.OpenFile(String filePath, FileMode mode, FileAccess access, FileShare share)
   at Roslyn.Utilities.CommonCompilerFileSystemExtensions.OpenFileWithNormalizedException(ICommonCompilerFileSystem fileSystem, String filePath, FileMode fileMode, FileAccess fileAccess, FileShare fileShare)
   at Microsoft.CodeAnalysis.MetadataReference.CreateFromFile(String path, MetadataReferenceProperties properties, DocumentationProvider documentation)
   at Mutty.Tests.Setup.GeneratorTests.&lt;&gt;c.&lt;GetGeneratedOutput&gt;b__0_1(Assembly assembly) in /Users/philippe/repo/github/Mutty/src/tests/Mutty.Tests/Setup/GeneratorTests.cs:line 19
   at System.Linq.Enumerable.ArrayWhereSelectIterator`2.MoveNext()
   at System.Collections.Generic.SegmentedArrayBuilder`1.AddNonICollectionRange(IEnumerable`1 source)
   at System.Linq.Enumerable.Concat2Iterator`1.ToArray()
   at System.Collections.Immutable.ImmutableArray.CreateRange[T](IEnumerable`1 items)
   at Microsoft.CodeAnalysis.ImmutableArrayExtensions.AsImmutableOrEmpty[T](IEnumerable`1 items)
   at Microsoft.CodeAnalysis.Compilation.ValidateReferences[T](IEnumerable`1 references)
   at Microsoft.CodeAnalysis.CSharp.CSharpCompilation.Create(String assemblyName, CSharpCompilationOptions options, IEnumerable`1 syntaxTrees, IEnumerable`1 references, CSharpCompilation previousSubmission, Type returnType, Type hostObjectType, Boolean isSubmission)
[...]
    <TestEntry testId="35426c02-6730-c3ac-0faa-abb929659b4c" executionId="20a33ce5-ae6d-452d-aa54-aa17d0df1661" testListId="8c84fa94-04c1-424b-9868-57a2d4851a1d" />
    <TestEntry testId="efe400c3-cdf7-0e4d-ee52-dd6b7e0d0c70" executionId="0bee757e-b973-4f52-ad60-965a984e6f6f" testListId="8c84fa94-04c1-424b-9868-57a2d4851a1d" />
    <TestEntry testId="b4e9d7fc-aa78-6517-c408-526adba7cf0a" executionId="4ca32699-a984-4214-9906-2e3b0381dddd" testListId="8c84fa94-04c1-424b-9868-57a2d4851a1d" />
    <TestEntry testId="b7d6c155-5456-6138-bd18-c779ff9f82d6" executionId="5054019f-90ea-445a-92cf-b6b222f13f0b" testListId="8c84fa94-04c1-424b-9868-57a2d4851a1d" />
    <TestEntry testId="4d98fdfc-00c0-b8d8-ce27-771a466aa99e" executionId="3756051b-77f7-4142-895b-d69364b3652c" testListId="8c84fa94-04c1-424b-9868-57a2d4851a1d" />
    <TestEntry testId="09261b13-e0fe-5b59-89f8-2dc0c916513b" executionId="17f76a7b-c0a1-4bdb-bb91-81a8a05c2d6a" testListId="8c84fa94-04c1-424b-9868-57a2d4851a1d" />
    <TestEntry testId="c28ddc2a-3ddf-e431-06db-a562cc651742" executionId="fe8c1316-ac6b-4312-96b6-099c79741dbd" testListId="8c84fa94-04c1-424b-9868-57a2d4851a1d" />
    <TestEntry testId="7eaa0105-6be7-d9bb-2819-e76f753070dd" executionId="10c0224a-6608-44e1-acae-4c6b2d1f040b" testListId="8c84fa94-04c1-424b-9868-57a2d4851a1d" />
    <TestEntry testId="5979a8cc-6ff8-0a0c-cbd3-1b3e148839ba" executionId="c8b93b4c-d733-44e6-92e8-31c5ce00e933" testListId="8c84fa94-04c1-424b-9868-57a2d4851a1d" />
    <TestEntry testId="6652d377-2790-845e-a483-f1f4cb86d792" executionId="ea6c9363-6d7b-4e4e-b2be-984bbeb56ba1" testListId="8c84fa94-04c1-424b-9868-57a2d4851a1d" />
    <TestEntry testId="0beb39ea-9e42-6e0b-da49-c0b112a00f50" executionId="b45fda2d-3089-42d3-be3b-3f2effbcfba9" testListId="8c84fa94-04c1-424b-9868-57a2d4851a1d" />
    <TestEntry testId="3794dc2a-e0c4-1a18-199e-153443b79a45" executionId="286e84a8-79b9-4cef-ae4b-3f31cf6fd046" testListId="8c84fa94-04c1-424b-9868-57a2d4851a1d" />
    <TestEntry testId="2996117a-3449-07ba-d76b-edc69fb9294b" executionId="a113f00b-5a5a-43f5-86a5-720a5d8399cb" testListId="8c84fa94-04c1-424b-9868-57a2d4851a1d" />
    <TestEntry testId="43ade45b-bff5-6726-960a-def9506ebbbe" executionId="676c1d46-b90a-444c-b7c8-e9ac04f11e73" testListId="8c84fa94-04c1-424b-9868-57a2d4851a1d" />
    <TestEntry testId="a14838f4-86f7-1767-3aa8-ad6849e7fe9d" executionId="8a47c106-e8d0-4d42-9119-5bed522fcef4" testListId="8c84fa94-04c1-424b-9868-57a2d4851a1d" />
    <TestEntry testId="398f6b07-cbf2-abca-7e03-29d51b382a57" executionId="41c2e89b-ef09-4ba0-b24f-c2c97df32544" testListId="8c84fa94-04c1-424b-9868-57a2d4851a1d" />
    <TestEntry testId="4e39b071-a3c8-6612-e515-ee59862ab870" executionId="997a0014-a43e-41d6-97b8-b7befaf6323f" testListId="8c84fa94-04c1-424b-9868-57a2d4851a1d" />
    <TestEntry testId="041de44d-fbbf-bbb8-9cc9-f2eaca349b47" executionId="b935cefd-cafa-4d85-be28-a196f1146c50" testListId="8c84fa94-04c1-424b-9868-57a2d4851a1d" />
    <TestEntry testId="99b8623a-f29e-1c9e-093f-3003c5aecda2" executionId="76ab1e33-85c7-49ac-b813-e854fadda116" testListId="8c84fa94-04c1-424b-9868-57a2d4851a1d" />
    <TestEntry testId="24388446-df69-e22d-8f50-56fc141b9440" executionId="5f6f2426-4c5e-4c13-b379-dfcd411a44fb" testListId="8c84fa94-04c1-424b-9868-57a2d4851a1d" />
    <TestEntry testId="dd08d58c-5356-6c0a-133f-db0f682b8205" executionId="e075cbb8-ba22-481b-a54f-81652fac87b5" testListId="8c84fa94-04c1-424b-9868-57a2d4851a1d" />
    <TestEntry testId="4e95e9f3-9e34-269f-e579-d526a82e13b1" executionId="8e3fefac-e71b-40d0-89ea-bde01ac43c33" testListId="8c84fa94-04c1-424b-9868-57a2d4851a1d" />
    <TestEntry testId="82b7ac52-0034-4413-e3eb-5d6e9265beb7" executionId="a286d4f2-9de3-4270-a45c-c552a5214788" testListId="8c84fa94-04c1-424b-9868-57a2d4851a1d" />
    <TestEntry testId="0eb2581c-b696-db52-dada-fb8a854d0b22" executionId="016663fc-1d9f-4457-8984-86d543d54368" testListId="8c84fa94-04c1-424b-9868-57a2d4851a1d" />
    <TestEntry testId="692553e4-d5f4-0fa0-778a-adfd4a723c15" executionId="5ebacbef-9435-43bb-aafe-75e161c68d8a" testListId="8c84fa94-04c1-424b-9868-57a2d4851a1d" />
    <TestEntry testId="59f72e38-a3c8-a11f-c394-60f1d817b704" executionId="d85746de-3e0a-444a-9b17-263ca2a2ed1c" testListId="8c84fa94-04c1-424b-9868-57a2d4851a1d" />
    <TestEntry testId="5617e4b4-f536-38e5-3702-a91f46a9ab6e" executionId="d044d822-b925-4b5c-baf2-6cdbfae50fe5" testListId="8c84fa94-04c1-424b-9868-57a2d4851a1d" />
    <TestEntry testId="06f83cf9-bbd7-6803-02dc-3dbef9f3cc89" executionId="8535f9bd-28d9-4a3f-90ed-53f51fb03afa" testListId="8c84fa94-04c1-424b-9868-57a2d4851a1d" />
    <TestEntry testId="95190db1-fc5c-c8f6-38f3-4a4bcc0689ba" executionId="bad02044-2bcb-4a7b-95d6-a4298874cadf" testListId="8c84fa94-04c1-424b-9868-57a2d4851a1d" />
    <TestEntry testId="ebe903b3-a642-8c9a-6d89-cdd3bb3e2ec2" executionId="47025f3d-45d0-4ceb-a7b1-dbb153ac95e3" testListId="8c84fa94-04c1-424b-9868-57a2d4851a1d" />
    <TestEntry testId="0c7b0aec-13ff-d68b-6f44-b7fb4a150524" executionId="3d3588d8-1015-40fb-ba45-3c361a5ff248" testListId="8c84fa94-04c1-424b-9868-57a2d4851a1d" />
    <TestEntry testId="d8dd7cfa-cf77-25b8-aff7-1d4e2b3801cb" executionId="041dea8b-6914-4247-a96d-06f9fcd8a6da" testListId="8c84fa94-04c1-424b-9868-57a2d4851a1d" />
    <TestEntry testId="b162bb3e-7e0f-5477-5167-c5ab0ceebe61" executionId="f4778070-68de-4048-8e79-2789bc212d46" testListId="8c84fa94-04c1-424b-9868-57a2d4851a1d" />
    <TestEntry testId="5caa792e-f583-92f5-04c3-c6caf03a5583" executionId="95aa8ba1-ca46-4509-9496-db1a297aa0cb" testListId="8c84fa94-04c1-424b-9868-57a2d4851a1d" />
    <TestEntry testId="0d0d858d-125c-756d-cacd-a1bf79d047d6" executionId="9da05dfc-2f44-433d-b511-7c93779d9e2b" testListId="8c84fa94-04c1-424b-9868-57a2d4851a1d" />
    <TestEntry testId="369ef077-a172-1bfa-6908-d360884c778d" executionId="3c155003-c08e-4baf-91da-c4cc9ff5d189" testListId="8c84fa94-04c1-424b-9868-57a2d4851a1d" />
    <TestEntry testId="a1d15ea8-bc52-3b04-f6b9-2e933bf92e13" executionId="bf94bda2-8243-44cc-b495-5f6aa588a6f9" testListId="8c84fa94-04c1-424b-9868-57a2d4851a1d" />
    <TestEntry testId="a4650425-d533-76b8-04bc-5ecc8bc86606" executionId="d595805f-ff9d-4d68-b67d-dd8ab30b848c" testListId="8c84fa94-04c1-424b-9868-57a2d4851a1d" />
    <TestEntry testId="c6fa757b-741e-cba0-b028-ea99ddadca7e" executionId="af001dd8-9977-407f-ae68-117f4104b659" testListId="8c84fa94-04c1-424b-9868-57a2d4851a1d" />
    <TestEntry testId="f9d141cb-e1fd-9cde-8226-9482418b6709" executionId="db292c01-7b61-4deb-8a29-40d2003e3acf" testListId="8c84fa94-04c1-424b-9868-57a2d4851a1d" />
    <TestEntry testId="1b1d7f05-2b95-a19d-5cf5-fa254bfda59f" executionId="70a3ef99-9a50-4261-820d-76bd35734dce" testListId="8c84fa94-04c1-424b-9868-57a2d4851a1d" />
    <TestEntry testId="ba51e9fb-a5b5-d789-1f9d-d9c6ed3173a1" executionId="9399f5e7-948d-4e44-bb03-c759155dfedd" testListId="8c84fa94-04c1-424b-9868-57a2d4851a1d" />
    <TestEntry testId="0ea11db0-0d19-d600-7c49-d7e1be10044e" executionId="abc4f8dc-c0c7-478e-bd89-53ee49df2787" testListId="8c84fa94-04c1-424b-9868-57a2d4851a1d" />
    <TestEntry testId="620095e6-2c43-f934-8cac-3e5a161129b4" executionId="3f582ffb-22c9-41d1-94ee-5bd6ce8670a0" testListId="8c84fa94-04c1-424b-9868-57a2d4851a1d" />
    <TestEntry testId="5eac0305-fac7-0003-35e2-dfed00fa4105" executionId="2331d284-9e95-4f47-bf73-99b599523435" testListId="8c84fa94-04c1-424b-9868-57a2d4851a1d" />
    <TestEntry testId="a6b4419c-cad1-ff3a-eea5-c04c57321d25" executionId="5213ade5-d7b4-4cf8-bca8-2a00fca04322" testListId="8c84fa94-04c1-424b-9868-57a2d4851a1d" />
    <TestEntry testId="586fd144-4e7c-7926-2e75-d1c0864fda94" executionId="84663b2b-615d-4c9b-a301-0a4151e3999b" testListId="8c84fa94-04c1-424b-9868-57a2d4851a1d" />
    <TestEntry testId="602c0846-90fe-7b7e-120a-fdac495f5b8d" executionId="f24022a1-64f5-43d9-8c55-8993898e7c57" testListId="8c84fa94-04c1-424b-9868-57a2d4851a1d" />
    <TestEntry testId="b44597b0-ccd4-7686-c1dd-6181acee0ab4" executionId="b5ce7a6e-bd3e-402f-b2b1-040457dcd1f9" testListId="8c84fa94-04c1-424b-9868-57a2d4851a1d" />
    <TestEntry testId="ccae06ea-cf7d-3b01-ff37-c18f95e56cb2" executionId="dc8dabe1-e777-4178-986d-4d8392932c1a" testListId="8c84fa94-04c1-424b-9868-57a2d4851a1d" />
    <TestEntry testId="4c6e67c4-b852-5c67-6d66-b77c070aa24a" executionId="86f9fafa-066c-46c9-b5bf-6f8f24b34652" testListId="8c84fa94-04c1-424b-9868-57a2d4851a1d" />
    <TestEntry testId="423f4676-3a84-c005-d300-ee1c1f6bd9f5" executionId="6febf346-a91e-4673-9eb3-a9ed18624a90" testListId="8c84fa94-04c1-424b-9868-57a2d4851a1d" />
    <TestEntry testId="0e825ba8-7a73-0f89-cf42-968a95ea664d" executionId="b628bcf4-90f6-4e02-aa9c-ad6c05107341" testListId="8c84fa94-04c1-424b-9868-57a2d4851a1d" />
    <TestEntry testId="d73fdb56-e8e9-ad22-2efe-b742fae01df5" executionId="88e8646c-3322-4221-95a8-e43d0d8cbe59" testListId="8c84fa94-04c1-424b-9868-57a2d4851a1d" />
    <TestEntry testId="ea82265a-702a-53b8-d87d-adfe4bc747ff" executionId="48bca5d3-e548-43ce-a88c-22575e3c6f8c" testListId="8c84fa94-04c1-424b-9868-57a2d4851a1d" />
    <TestEntry testId="96d7ce13-fae8-283b-ef43-318346dea6cc" executionId="5cbeaf00-32a9-45ab-92f5-19ca1ea07a34" testListId="8c84fa94-04c1-424b-9868-57a2d4851a1d" />
    <TestEntry testId="c7b77313-74de-d3e1-cc89-8a2cbda64588" executionId="38950ae2-3a72-4d4c-a833-5bfd3f369861" testListId="8c84fa94-04c1-424b-9868-57a2d4851a1d" />
    <TestEntry testId="28d41f26-2759-75ba-2d3e-7c5584efb49d" executionId="a324d9e4-fd9f-4ead-b1fb-8f62b811e5c0" testListId="8c84fa94-04c1-424b-9868-57a2d4851a1d" />
    <TestEntry testId="32de1cd9-5859-4812-b19a-2e9a3ddcaf86" executionId="aabb5e54-6967-47d2-a853-5baf870645b7" testListId="8c84fa94-04c1-424b-9868-57a2d4851a1d" />
    <TestEntry testId="b3f068cd-25b6-3d4e-a82a-0bf1d209d780" executionId="c07ee641-7967-48a8-adee-147add2cda2c" testListId="8c84fa94-04c1-424b-9868-57a2d4851a1d" />
    <TestEntry testId="90d2efbe-e8b7-fc92-a9a9-a10625dcd0e8" executionId="3b5d347b-7e17-438a-92ee-8131bb05edc7" testListId="8c84fa94-04c1-424b-9868-57a2d4851a1d" />
    <TestEntry testId="b20bf750-3a8f-7622-41ee-e71303b5b59c" executionId="e1f4013d-3308-46ee-9314-cab1c1654280" testListId="8c84fa94-04c1-424b-9868-57a2d4851a1d" />
    <TestEntry testId="64173bb5-3564-806b-f3b6-4a203925f3e4" executionId="a1cd20ce-8a04-48cf-b4c0-427b534454dc" testListId="8c84fa94-04c1-424b-9868-57a2d4851a1d" />
    <TestEntry testId="dbaa0a0e-5d91-97c6-c6d4-b6a2d70960bc" executionId="a0ffcadf-bceb-4b68-a558-cfd498f47927" testListId="8c84fa94-04c1-424b-9868-57a2d4851a1d" />
    <TestEntry testId="acabcfd8-7838-9bf9-beb5-fdc8aff1cc75" executionId="b27d2776-08ce-4612-a321-2671c0301138" testListId="8c84fa94-04c1-424b-9868-57a2d4851a1d" />
    <TestEntry testId="5fa5975d-64a7-9061-dcdd-de3445f7a87b" executionId="2ab4366b-9102-4197-bd84-97d8e868dea8" testListId="8c84fa94-04c1-424b-9868-57a2d4851a1d" />
    <TestEntry testId="b16818fc-0e09-a618-e62d-2082982972da" executionId="4823512f-e80d-48f7-9aab-3130d6528ea2" testListId="8c84fa94-04c1-424b-9868-57a2d4851a1d" />
    <TestEntry testId="b03d722e-ad6a-47e1-924c-e5b97231032d" executionId="88a0675c-71f1-4088-ac1c-a7531172c5a0" testListId="8c84fa94-04c1-424b-9868-57a2d4851a1d" />
    <TestEntry testId="54e01fd6-25c3-c213-c14d-4a0f81815bfe" executionId="e1b7af6b-d049-4b4f-b769-88d8da6f361a" testListId="8c84fa94-04c1-424b-9868-57a2d4851a1d" />
    <TestEntry testId="1bad79e0-48b6-2f2a-5a98-c9f61369a68e" executionId="03b20744-b875-4443-8e22-941476d8e1e4" testListId="8c84fa94-04c1-424b-9868-57a2d4851a1d" />
    <TestEntry testId="83383881-1770-bb34-fa29-f161930c4d9e" executionId="d44daf61-2ace-429c-83c6-6dff64d5bfbd" testListId="8c84fa94-04c1-424b-9868-57a2d4851a1d" />
    <TestEntry testId="ef51ef7d-0167-1aa0-ebd5-9d50e8975354" executionId="a507b909-b67a-497a-a310-f8c813b77b04" testListId="8c84fa94-04c1-424b-9868-57a2d4851a1d" />
    <TestEntry testId="9480db7c-7e15-db9d-d706-f2042a62f9b9" executionId="707ce0d3-3405-40ab-b710-56f9ccc8be5a" testListId="8c84fa94-04c1-424b-9868-57a2d4851a1d" />
    <TestEntry testId="29af12e4-3bf1-31c6-f3a2-cfbd2ab75036" executionId="5b9733d0-a5b4-44e0-b2a3-385c8a686dab" testListId="8c84fa94-04c1-424b-9868-57a2d4851a1d" />
    <TestEntry testId="df4efc64-8200-6563-f967-3a6c068977a2" executionId="8dd1ded9-aae0-420d-aec2-1491a6ddd325" testListId="8c84fa94-04c1-424b-9868-57a2d4851a1d" />
    <TestEntry testId="28d25a33-0a7b-bcb4-b639-dc6f8f619543" executionId="95953f1d-3546-489c-acf2-cb963b66b6d3" testListId="8c84fa94-04c1-424b-9868-57a2d4851a1d" />
    <TestEntry testId="e3bbcbeb-f79b-7698-0ffc-7d6e9831a7ed" executionId="d2e24313-ded5-4412-a184-bf80903f46a2" testListId="8c84fa94-04c1-424b-9868-57a2d4851a1d" />
    <TestEntry testId="3abdbc59-9a48-2a4b-54be-abac0a8b4a00" executionId="4c6bd688-17a3-4b91-94fe-8979be7785a6" testListId="8c84fa94-04c1-424b-9868-57a2d4851a1d" />
    <TestEntry testId="648ce6e1-0b55-135c-d45f-47d4a8e722dc" executionId="2f0a419f-95f8-43c5-ba33-3833b5e41a24" testListId="8c84fa94-04c1-424b-9868-57a2d4851a1d" />
    <TestEntry testId="7ad44f28-a533-ed16-ebbf-707b1a034ca3" executionId="9000e788-7485-4fce-80e5-2c3788b176a7" testListId="8c84fa94-04c1-424b-9868-57a2d4851a1d" />
    <TestEntry testId="f0f92d19-80c9-ddf9-7334-aef563066ba9" executionId="907604ee-2b64-4a71-bd0f-c378d3453cc5" testListId="8c84fa94-04c1-424b-9868-57a2d4851a1d" />
    <TestEntry testId="dfe860a7-b936-006a-389d-fd0d4e780efa" executionId="1f9668ab-4ab9-4212-944c-41da190843ab" testListId="8c84fa94-04c1-424b-9868-57a2d4851a1d" />
    <TestEntry testId="88983951-7caf-0b73-856e-00311a63dbc6" executionId="d53e9867-3d3d-493e-ae7f-65677696380c" testListId="8c84fa94-04c1-424b-9868-57a2d4851a1d" />
    <TestEntry testId="dd24b4a7-edad-d802-c7d1-cd90187f12d2" executionId="20d4124e-629d-44e6-87d5-b58510dc59d5" testListId="8c84fa94-04c1-424b-9868-57a2d4851a1d" />
    <TestEntry testId="4cefd1de-86b1-e365-a78e-95c2565eecbd" executionId="f9da3524-c001-4eb1-90ed-201ed3793807" testListId="8c84fa94-04c1-424b-9868-57a2d4851a1d" />
    <TestEntry testId="66167f1d-2132-f2e5-1802-e1ac006c1184" executionId="29d47cf2-017e-4588-99bc-7a31909b2060" testListId="8c84fa94-04c1-424b-9868-57a2d4851a1d" />
    <TestEntry testId="0d2b9ff2-f6fe-3199-bf09-bb50fff1be74" executionId="c767b5b2-55eb-42b6-be6c-cb360ac7189a" testListId="8c84fa94-04c1-424b-9868-57a2d4851a1d" />
    <TestEntry testId="ed70ddca-dca5-41e8-652c-77107e857b44" executionId="bdd0fb51-dcb3-469a-b506-2c97694aaf9a" testListId="8c84fa94-04c1-424b-9868-57a2d4851a1d" />
    <TestEntry testId="1b12ca94-4d59-bfcb-24ef-5bea62922878" executionId="854aab9d-0174-41ea-b457-a1450eacf7d0" testListId="8c84fa94-04c1-424b-9868-57a2d4851a1d" />
    <TestEntry testId="e9f2a467-a7d7-2902-9843-5ae107468788" executionId="495dacc5-03be-429f-a907-a8bdd03ddde8" testListId="8c84fa94-04c1-424b-9868-57a2d4851a1d" />
    <TestEntry testId="cc81a7a4-2109-c6f8-0bd9-4f4fb5924c8e" executionId="1a1bd295-7844-4e3c-8de8-bb22c3ec5106" testListId="8c84fa94-04c1-424b-9868-57a2d4851a1d" />
    <TestEntry testId="e03abcd8-4f74-e890-1357-b0dd109341e9" executionId="c42d4226-48da-4995-a21e-786214f8eda5" testListId="8c84fa94-04c1-424b-9868-57a2d4851a1d" />
    <TestEntry testId="910219b2-b2ec-6051-5cb5-ebad9375bb82" executionId="eb1b06c2-710d-4e73-8820-6267533911b7" testListId="8c84fa94-04c1-424b-9868-57a2d4851a1d" />
    <TestEntry testId="5c78d2f8-26a7-6dd4-c0fa-ae818c21d877" executionId="8f60e186-e757-4f76-b9f4-ff83da455273" testListId="8c84fa94-04c1-424b-9868-57a2d4851a1d" />
    <TestEntry testId="4e5a9240-2a5a-508e-887c-71e1c4f927d8" executionId="2a745a14-9822-4a73-9d99-94e537d94d21" testListId="8c84fa94-04c1-424b-9868-57a2d4851a1d" />
    <TestEntry testId="619eee46-d6c2-b80f-1dad-f67e4eb6f891" executionId="a360a989-a756-4b35-9ced-f89ec355998f" testListId="8c84fa94-04c1-424b-9868-57a2d4851a1d" />
    <TestEntry testId="26821985-d5fe-3303-2e74-01de86b22067" executionId="283361f3-eac3-4799-bb32-c5a62cb44e65" testListId="8c84fa94-04c1-424b-9868-57a2d4851a1d" />
    <TestEntry testId="842cefa0-3367-fc02-3998-615ccc1d7f40" executionId="1f1778d3-dd8a-415f-9aa4-1defd9e60a49" testListId="8c84fa94-04c1-424b-9868-57a2d4851a1d" />
    <TestEntry testId="75f4bb88-31d3-a414-059f-0e7347ccaed6" executionId="20078ee2-cb66-40bf-8ae1-cea8c2ad2472" testListId="8c84fa94-04c1-424b-9868-57a2d4851a1d" />
    <TestEntry testId="4b9a6e68-9bb7-119c-2f01-8ed8347e5ed9" executionId="d014f436-c9b1-4b62-9f22-c23fde999ff4" testListId="8c84fa94-04c1-424b-9868-57a2d4851a1d" />
    <TestEntry testId="41bf2b2a-6ad4-ecd7-8997-2a8e17cad1b9" executionId="2c580cc7-bbe4-40a8-9e82-cc0be58f7274" testListId="8c84fa94-04c1-424b-9868-57a2d4851a1d" />
    <TestEntry testId="70dc8acb-89da-17e0-37a6-4fbcb2749428" executionId="efe359db-6bf0-4282-9b5d-04188dca7443" testListId="8c84fa94-04c1-424b-9868-57a2d4851a1d" />
    <TestEntry testId="ec5f65ac-7df3-7613-3d8d-d4ae5919ced0" executionId="f101cdf9-e47f-4055-a7a0-2cb34e44b247" testListId="8c84fa94-04c1-424b-9868-57a2d4851a1d" />
    <TestEntry testId="6d8dcd72-3c3e-1410-2a29-8ff4db90d8b5" executionId="49615d30-b453-4c2e-b05c-6b1f66f552c1" testListId="8c84fa94-04c1-424b-9868-57a2d4851a1d" />
    <TestEntry testId="ae3d778f-7bb9-6bd9-77c2-8dc473a61e4c" executionId="65f0ed6e-0fa0-427b-a0eb-49b8815b7973" testListId="8c84fa94-04c1-424b-9868-57a2d4851a1d" />
    <TestEntry testId="e62f1f53-8b08-47a3-6bf7-6e737fbd944d" executionId="e3b2f13f-8556-41a8-94b8-61c38d0837a1" testListId="8c84fa94-04c1-424b-9868-57a2d4851a1d" />
    <TestEntry testId="3684f110-2e39-4ea3-67ff-f332bd59f325" executionId="46f14ac2-f3e8-4d4d-a55a-0016e1ea3607" testListId="8c84fa94-04c1-424b-9868-57a2d4851a1d" />
    <TestEntry testId="a5df32c2-76cc-d36b-f7d3-4fcd626ca6ca" executionId="f2d4d45f-a4d4-4957-865b-22629f9b4a61" testListId="8c84fa94-04c1-424b-9868-57a2d4851a1d" />
    <TestEntry testId="163dd422-c304-5807-8440-69168e64e10b" executionId="94a570e1-408f-41bc-913e-5134a5dad60e" testListId="8c84fa94-04c1-424b-9868-57a2d4851a1d" />
    <TestEntry testId="7cdfac27-4cc7-ab4a-3027-eaab32fab398" executionId="edee5762-d0df-473f-af11-da67d2bfeb4d" testListId="8c84fa94-04c1-424b-9868-57a2d4851a1d" />
    <TestEntry testId="3bb05ec3-5c78-9cc8-1080-369e1970476b" executionId="a33ee803-8e5f-467c-b49a-7dc941fa88d6" testListId="8c84fa94-04c1-424b-9868-57a2d4851a1d" />
    <TestEntry testId="d7279d2a-b2ce-6d9e-9eb6-343d7f456462" executionId="fe4786ab-a68a-4045-ae3e-95f770163c5d" testListId="8c84fa94-04c1-424b-9868-57a2d4851a1d" />
    <TestEntry testId="21ad6978-b86f-1433-8fde-9c4853205771" executionId="c75d65e4-f371-49a5-b32d-1688d8ba9926" testListId="8c84fa94-04c1-424b-9868-57a2d4851a1d" />
    <TestEntry testId="6728b393-cc5e-2811-3b38-5e57d8186edc" executionId="1077cd7e-969f-40b6-ab7e-89e54c82d876" testListId="8c84fa94-04c1-424b-9868-57a2d4851a1d" />
    <TestEntry testId="3e50a893-b20f-7c78-d569-be2c17b13a0c" executionId="cfb7c904-8b7b-4e41-97dc-0d910d41d966" testListId="8c84fa94-04c1-424b-9868-57a2d4851a1d" />
  </TestEntries>
  <TestLists>
    <TestList name="Results Not in a List" id="8c84fa94-04c1-424b-9868-57a2d4851a1d" />
    <TestList name="All Loaded Results" id="19431567-8539-422a-85d7-44ee4e166bda" />
  </TestLists>
  <ResultSummary outcome="Failed">
    <Counters total="116" executed="116" passed="86" failed="30" error="0" timeout="0" aborted="0" inconclusive="0" passedButRunAborted="0" notRunnable="0" notExecuted="0" disconnected="0" warning="0" completed="0" inProgress="0" pending="0" />
    <Output>
      <StdOut>NUnit Adapter 6.1.0.0: Test execution started
Running all tests in /Users/philippe/repo/github/Mutty/src/tests/Mutty.Tests/bin/Debug/net10.0/Mutty.Tests.dll
   NUnit3TestExecutor discovered 116 of 116 NUnit test cases using Current Discovery mode, Non-Explicit run
NUnit Adapter 6.1.0.0: Test execution complete
</StdOut>
    </Output>
  </ResultSummary>
</TestRun>